Log file open, 01/16/19 13:32:07
LogWindows: Failed to load 'aqProf.dll' (GetLastError=126)
LogWindows: File 'aqProf.dll' does not exist
LogWindows: Failed to load 'VtuneApi.dll' (GetLastError=126)
LogWindows: File 'VtuneApi.dll' does not exist
LogWindows: Failed to load 'VtuneApi32e.dll' (GetLastError=126)
LogWindows: File 'VtuneApi32e.dll' does not exist
LogInit: Display: Running engine for game: AE_Whitebox_ICA
LogPlatformFile: Not using cached read wrapper
LogTaskGraph: Started task graph with 5 named threads and 23 total threads with 3 sets of task threads.
LogStats: Stats thread started at 0.278142
LogD3D11RHI: Loaded GFSDK_Aftermath_Lib.x64.dll
LogICUInternationalization: Display: ICU TimeZone Detection - Raw Offset: -7:00, Platform Override: ''
LogPluginManager: Mounting plugin Paper2D
LogPluginManager: Mounting plugin AISupport
LogPluginManager: Mounting plugin LightPropagationVolume
LogPluginManager: Mounting plugin CLionSourceCodeAccess
LogPluginManager: Mounting plugin CodeLiteSourceCodeAccess
LogPluginManager: Mounting plugin GitSourceControl
LogPluginManager: Mounting plugin KDevelopSourceCodeAccess
LogPluginManager: Mounting plugin NullSourceCodeAccess
LogPluginManager: Mounting plugin PerforceSourceControl
LogPluginManager: Mounting plugin SubversionSourceControl
LogPluginManager: Mounting plugin UObjectPlugin
LogPluginManager: Mounting plugin VisualStudioCodeSourceCodeAccess
LogPluginManager: Mounting plugin VisualStudioSourceCodeAccess
LogPluginManager: Mounting plugin XCodeSourceCodeAccess
LogPluginManager: Mounting plugin AssetManagerEditor
LogPluginManager: Mounting plugin CryptoKeys
LogPluginManager: Mounting plugin DataValidation
LogPluginManager: Mounting plugin FacialAnimation
LogPluginManager: Mounting plugin GameplayTagsEditor
LogPluginManager: Mounting plugin MacGraphicsSwitching
LogPluginManager: Mounting plugin MeshEditor
LogPluginManager: Mounting plugin MobileLauncherProfileWizard
LogPluginManager: Mounting plugin PluginBrowser
LogPluginManager: Mounting plugin SpeedTreeImporter
LogPluginManager: Mounting plugin DatasmithContent
LogPluginManager: Mounting plugin AlembicImporter
LogPluginManager: Mounting plugin AppleImageUtils
LogPluginManager: Mounting plugin AppleVision
LogPluginManager: Mounting plugin BackChannel
LogPluginManager: Mounting plugin CharacterAI
LogPluginManager: Mounting plugin GeometryCache
LogPluginManager: Mounting plugin HTML5Networking
LogPluginManager: Mounting plugin ProxyLODPlugin
LogPluginManager: Mounting plugin MagicLeap
LogPluginManager: Mounting plugin MagicLeapEmulator
LogPluginManager: Mounting plugin MagicLeapMedia
LogPluginManager: Mounting plugin AndroidMedia
LogPluginManager: Mounting plugin AvfMedia
LogPluginManager: Mounting plugin ImgMedia
LogPluginManager: Mounting plugin LinearTimecode
LogPluginManager: Mounting plugin MediaCompositing
LogPluginManager: Mounting plugin MediaPlayerEditor
LogPluginManager: Mounting plugin WmfMedia
LogPluginManager: Mounting plugin TcpMessaging
LogPluginManager: Mounting plugin UdpMessaging
LogPluginManager: Mounting plugin ActorSequence
LogPluginManager: Mounting plugin LevelSequenceEditor
LogPluginManager: Mounting plugin MatineeToLevelSequence
LogPluginManager: Mounting plugin NetcodeUnitTest
LogPluginManager: Mounting plugin NUTUnrealEngine4
LogPluginManager: Mounting plugin OnlineSubsystemGooglePlay
LogPluginManager: Mounting plugin OnlineSubsystemIOS
LogPluginManager: Mounting plugin OnlineSubsystem
LogPluginManager: Mounting plugin OnlineSubsystemNull
LogPluginManager: Mounting plugin OnlineSubsystemUtils
LogPluginManager: Mounting plugin LauncherChunkInstaller
LogPluginManager: Mounting plugin AndroidDeviceProfileSelector
LogPluginManager: Mounting plugin AndroidMoviePlayer
LogPluginManager: Mounting plugin AndroidPermission
LogPluginManager: Mounting plugin AppleMoviePlayer
LogPluginManager: Mounting plugin ArchVisCharacter
LogPluginManager: Mounting plugin AudioCapture
LogPluginManager: Mounting plugin CableComponent
LogPluginManager: Mounting plugin CustomMeshComponent
LogPluginManager: Mounting plugin EditableMesh
LogPluginManager: Mounting plugin ExampleDeviceProfileSelector
LogPluginManager: Mounting plugin GoogleCloudMessaging
LogPluginManager: Mounting plugin ImmediatePhysics
LogPluginManager: Mounting plugin IOSDeviceProfileSelector
LogPluginManager: Mounting plugin LinuxDeviceProfileSelector
LogPluginManager: Mounting plugin LocationServicesBPLibrary
LogPluginManager: Mounting plugin MobilePatchingUtils
LogPluginManager: Mounting plugin OculusVR
LogPluginManager: Plugin shader directory ../../../Engine/Plugins/Runtime/Oculus/OculusVR/Shaders found
LogPluginManager: Mapping shader source directory ../../../Engine/Plugins/Runtime/Oculus/OculusVR/Shaders to virtual directory /Plugin/OculusVR
LogPluginManager: Mounting plugin PhysXVehicles
LogPluginManager: Mounting plugin ProceduralMeshComponent
LogPluginManager: Mounting plugin RuntimePhysXCooking
LogPluginManager: Mounting plugin SteamVR
LogPluginManager: Mounting plugin WindowsMoviePlayer
LogStreaming: Display: Took  0.095s to configure plugins.
LogInit: Using libcurl 7.55.1-DEV
LogInit:  - built for x86_64-pc-win32
LogInit:  - supports SSL with OpenSSL/1.0.2h
LogInit:  - supports HTTP deflate (compression) using libz 1.2.8
LogInit:  - other features:
LogInit:      CURL_VERSION_SSL
LogInit:      CURL_VERSION_LIBZ
LogInit:      CURL_VERSION_IPV6
LogInit:      CURL_VERSION_ASYNCHDNS
LogInit:      CURL_VERSION_LARGEFILE
LogInit:      CURL_VERSION_IDN
LogInit:  CurlRequestOptions (configurable via config and command line):
LogInit:  - bVerifyPeer = false  - Libcurl will NOT verify peer certificate
LogInit:  - bUseHttpProxy = false  - Libcurl will NOT use HTTP proxy
LogInit:  - bDontReuseConnections = false  - Libcurl will reuse connections
LogInit:  - CertBundlePath = nullptr  - Libcurl will use whatever was configured at build time.
LogInit:  - MaxHostConnections = 16  - Libcurl will limit the number of connections to a host
LogInit:  - LocalHostAddr = Default
LogInit:  - BufferSize = 65536
LogInit: WinSock: version 1.1 (2.2), MaxSocks=32767, MaxUdp=65467
LogInit: Build: ++UE4+Release-4.20-CL-4369336
LogInit: Engine Version: 4.20.3-4369336+++UE4+Release-4.20
LogInit: Compatible Engine Version: 4.20.0-4212847+++UE4+Release-4.20
LogInit: Net CL: 4212847
LogInit: OS: Windows 10 (), CPU: Intel(R) Core(TM) i7-8809G CPU @ 3.10GHz, GPU: Radeon RX Vega M GH Graphics
LogInit: Compiled (64-bit): Sep 17 2018 12:26:19
LogInit: Compiled with Visual C++: 19.13.26129.00
LogInit: Build Configuration: Development
LogInit: Branch Name: ++UE4+Release-4.20
LogInit: Command Line: -EpicPortal  -epicusername="kidkingdomruler" -epicuserid=9630c56f0d7b4fc496046aa1e29070f1 -epiclocale=en-US
LogInit: Base Directory: C:/Program Files/Epic Games/UE_4.20/Engine/Binaries/Win64/
LogInit: Installed Engine Build: 1
LogDevObjectVersion: Number of dev versions registered: 20
LogDevObjectVersion:   Dev-Blueprints (B0D832E4-1F89-4F0D-ACCF-7EB736FD4AA2): 10
LogDevObjectVersion:   Dev-Build (E1C64328-A22C-4D53-A36C-8E866417BD8C): 0
LogDevObjectVersion:   Dev-Core (375EC13C-06E4-48FB-B500-84F0262A717E): 2
LogDevObjectVersion:   Dev-Editor (E4B068ED-F494-42E9-A231-DA0B2E46BB41): 24
LogDevObjectVersion:   Dev-Framework (CFFC743F-43B0-4480-9391-14DF171D2073): 34
LogDevObjectVersion:   Dev-Mobile (B02B49B5-BB20-44E9-A304-32B752E40360): 2
LogDevObjectVersion:   Dev-Networking (A4E4105C-59A1-49B5-A7C5-40C4547EDFEE): 0
LogDevObjectVersion:   Dev-Online (39C831C9-5AE6-47DC-9A44-9C173E1C8E7C): 0
LogDevObjectVersion:   Dev-Physics (78F01B33-EBEA-4F98-B9B4-84EACCB95AA2): 0
LogDevObjectVersion:   Dev-Platform (6631380F-2D4D-43E0-8009-CF276956A95A): 0
LogDevObjectVersion:   Dev-Rendering (12F88B9F-8875-4AFC-A67C-D90C383ABD29): 26
LogDevObjectVersion:   Dev-Sequencer (7B5AE74C-D270-4C10-A958-57980B212A5A): 9
LogDevObjectVersion:   Dev-VR (D7296918-1DD6-4BDD-9DE2-64A83CC13884): 2
LogDevObjectVersion:   Dev-LoadTimes (C2A15278-BFE7-4AFE-6C17-90FF531DF755): 1
LogDevObjectVersion:   Private-Geometry (6EACA3D4-40EC-4CC1-B786-8BED09428FC5): 3
LogDevObjectVersion:   Dev-AnimPhys (29E575DD-E0A3-4627-9D10-D276232CDCEA): 17
LogDevObjectVersion:   Dev-ReflectionCapture (6B266CEC-1EC7-4B8F-A30B-E4D90942FC07): 1
LogDevObjectVersion:   Dev-Automation (0DF73D61-A23F-47EA-B727-89E90C41499A): 1
LogDevObjectVersion:   FortniteMain (601D1886-AC64-4F84-AA16-D3DE0DEAC7D6): 12
LogDevObjectVersion:   Dev-Enterprise (9DFFBCD6-494F-0158-E221-12823C92A888): 1
LogStreaming: Display: Took  0.000s to delete old logs.
LogInit: Presizing for max 8388607 objects, including 0 objects not considered by GC, pre-allocating 0 bytes for permanent pool.
LogInit: Object subsystem initialized
[2019.01.16-20.32.07:838][  0]LogInit: Selected Device Profile: [Windows]
[2019.01.16-20.32.07:838][  0]LogInit: Applying CVar settings loaded from the selected device profile: [Windows]
[2019.01.16-20.32.07:852][  0]LogHAL: Display: Platform has ~ 16 GB [17095323648 / 17179869184 / 16], which maps to Larger [LargestMinGB=32, LargerMinGB=12, DefaultMinGB=8, SmallerMinGB=6, SmallestMinGB=0)
[2019.01.16-20.32.07:852][  0]LogInit: Setting Device Profile CVar: [[r.Vulkan.UseRealUBs:1]]
[2019.01.16-20.32.07:852][  0]LogInit: Going up to parent DeviceProfile []
[2019.01.16-20.32.07:852][  0]LogInit: Computer: eae-n-040
[2019.01.16-20.32.07:852][  0]LogInit: User: u1126336
[2019.01.16-20.32.07:852][  0]LogInit: CPU Page size=4096, Cores=4
[2019.01.16-20.32.07:852][  0]LogInit: High frequency timer resolution =3.023445 MHz
[2019.01.16-20.32.07:853][  0]LogMemory: Memory total: Physical=15.9GB (16GB approx)
[2019.01.16-20.32.07:853][  0]LogMemory: Platform Memory Stats for Windows
[2019.01.16-20.32.07:853][  0]LogMemory: Process Physical Memory: 99.73 MB used, 99.73 MB peak
[2019.01.16-20.32.07:853][  0]LogMemory: Process Virtual Memory: 90.95 MB used, 90.95 MB peak
[2019.01.16-20.32.07:853][  0]LogMemory: Physical Memory: 4973.28 MB used,  11330.09 MB free, 16303.37 MB total
[2019.01.16-20.32.07:853][  0]LogMemory: Virtual Memory: 4640.71 MB used,  11330.09 MB free, 134217728.00 MB total
[2019.01.16-20.32.07:866][  0]LogInit: Using OS detected language (en-US).
[2019.01.16-20.32.07:866][  0]LogInit: Using OS detected locale (en-US).
[2019.01.16-20.32.07:867][  0]LogTextLocalizationManager: No specific localization for 'en-US' exists, so the 'en' localization will be used.
[2019.01.16-20.32.08:188][  0]LogStreaming: Display: Took  0.321s to InitEngineTextLocalization.
[2019.01.16-20.32.08:188][  0]LogInit: Setting process to per monitor DPI aware
[2019.01.16-20.32.08:206][  0]LogSlate: New Slate User Created.  User Index 0, Is Virtual User: 0
[2019.01.16-20.32.08:206][  0]LogSlate: Slate User Registered.  User Index 0, Is Virtual User: 0
[2019.01.16-20.32.08:368][  0]LogHMD: Failed to initialize OpenVR with code 110
[2019.01.16-20.32.08:368][  0]LogD3D11RHI: D3D11 adapters:
[2019.01.16-20.32.08:403][  0]LogD3D11RHI:    0. 'Radeon RX Vega M GH Graphics' (Feature Level 11_0)
[2019.01.16-20.32.08:404][  0]LogD3D11RHI:       4042/0/8151 MB DedicatedVideo/DedicatedSystem/SharedSystem, Outputs:1, VendorId:0x1002
[2019.01.16-20.32.08:415][  0]LogD3D11RHI:    1. 'Intel(R) HD Graphics 630' (Feature Level 11_0)
[2019.01.16-20.32.08:416][  0]LogD3D11RHI:       128/0/8151 MB DedicatedVideo/DedicatedSystem/SharedSystem, Outputs:0, VendorId:0x8086
[2019.01.16-20.32.08:417][  0]LogD3D11RHI:    2. 'Microsoft Basic Render Driver' (Feature Level 11_0)
[2019.01.16-20.32.08:417][  0]LogD3D11RHI:       0/0/8151 MB DedicatedVideo/DedicatedSystem/SharedSystem, Outputs:0, VendorId:0x1414
[2019.01.16-20.32.08:417][  0]LogD3D11RHI: Chosen D3D11 Adapter: 0
[2019.01.16-20.32.08:423][  0]LogD3D11RHI: Creating new Direct3DDevice
[2019.01.16-20.32.08:423][  0]LogD3D11RHI:     GPU DeviceId: 0x694c (for the marketing name, search the web for "GPU Device Id")
[2019.01.16-20.32.08:423][  0]LogWindows: EnumDisplayDevices:
[2019.01.16-20.32.08:423][  0]LogWindows:    0. 'Radeon RX Vega M GH Graphics' (P:1 D:1)
[2019.01.16-20.32.08:424][  0]LogWindows:    1. 'Radeon RX Vega M GH Graphics' (P:0 D:0)
[2019.01.16-20.32.08:424][  0]LogWindows:    2. 'Radeon RX Vega M GH Graphics' (P:0 D:0)
[2019.01.16-20.32.08:424][  0]LogWindows:    3. 'Radeon RX Vega M GH Graphics' (P:0 D:0)
[2019.01.16-20.32.08:424][  0]LogWindows:    4. 'Radeon RX Vega M GH Graphics' (P:0 D:0)
[2019.01.16-20.32.08:425][  0]LogWindows:    5. 'Radeon RX Vega M GH Graphics' (P:0 D:0)
[2019.01.16-20.32.08:425][  0]LogWindows:    6. 'Radeon RX Vega M GH Graphics' (P:0 D:0)
[2019.01.16-20.32.08:425][  0]LogWindows:    7. 'Intel(R) HD Graphics 630' (P:0 D:0)
[2019.01.16-20.32.08:425][  0]LogWindows:    8. 'Intel(R) HD Graphics 630' (P:0 D:0)
[2019.01.16-20.32.08:425][  0]LogWindows: DebugString: PrimaryIsNotTheChoosenAdapter PrimaryIsNotTheChoosenAdapter FoundDriverCount:7 
[2019.01.16-20.32.08:425][  0]LogD3D11RHI:     Adapter Name: Radeon RX Vega M GH Graphics
[2019.01.16-20.32.08:425][  0]LogD3D11RHI:   Driver Version: Adrenalin 18.9.1 (internal:24.20.11026.2001, unified:24.20.11026.2001)
[2019.01.16-20.32.08:425][  0]LogD3D11RHI:      Driver Date: 8-30-2018
[2019.01.16-20.32.08:425][  0]LogRHI: Texture pool is 2829 MB (70% of 4042 MB)
[2019.01.16-20.32.08:498][  0]LogD3D11RHI: Async texture creation enabled
[2019.01.16-20.32.08:508][  0]LogD3D11RHI: GPU Timing Frequency: 25.000000 (Debug: 2 1)
[2019.01.16-20.32.08:509][  0]LogShaderCompilers: Guid format shader working directory is -46 characters bigger than the processId version (../../../../../../Users/u1126336/Documents/GitHub/AE_AssetPipelinePersonalRepo/AE_Whitebox_ICA/Intermediate/Shaders/WorkingDirectory/11680/).
[2019.01.16-20.32.08:509][  0]LogShaderCompilers: Cleaned the shader compiler working directory 'C:/Users/u1126336/AppData/Local/Temp/UnrealShaderWorkingDir/F24B8E0045C299D03DF9F89D017C9554/'.
[2019.01.16-20.32.08:767][  0]LogTemp: Display: Loaded TP AllDesktopTargetPlatform
[2019.01.16-20.32.08:779][  0]LogTemp: Display: Loaded TP MacClientTargetPlatform
[2019.01.16-20.32.08:790][  0]LogTemp: Display: Loaded TP MacNoEditorTargetPlatform
[2019.01.16-20.32.08:802][  0]LogTemp: Display: Loaded TP MacServerTargetPlatform
[2019.01.16-20.32.08:815][  0]LogTemp: Display: Loaded TP MacTargetPlatform
[2019.01.16-20.32.08:828][  0]LogTemp: Display: Loaded TP WindowsClientTargetPlatform
[2019.01.16-20.32.08:840][  0]LogTemp: Display: Loaded TP WindowsNoEditorTargetPlatform
[2019.01.16-20.32.08:852][  0]LogTemp: Display: Loaded TP WindowsServerTargetPlatform
[2019.01.16-20.32.08:858][  0]LogTemp: Display: Loaded TP WindowsTargetPlatform
[2019.01.16-20.32.08:924][  0]LogTemp: Display: Loaded TP AndroidTargetPlatform
[2019.01.16-20.32.08:924][  0]LogTemp: Display: Loaded TP AndroidTargetPlatform
[2019.01.16-20.32.08:924][  0]LogTemp: Display: Loaded TP AndroidTargetPlatform
[2019.01.16-20.32.08:924][  0]LogTemp: Display: Loaded TP AndroidTargetPlatform
[2019.01.16-20.32.08:924][  0]LogTemp: Display: Loaded TP AndroidTargetPlatform
[2019.01.16-20.32.08:924][  0]LogTemp: Display: Loaded TP AndroidTargetPlatform
[2019.01.16-20.32.08:925][  0]LogTemp: Display: Loaded TP AndroidTargetPlatform
[2019.01.16-20.32.08:925][  0]LogTemp: Display: Loaded TP AndroidTargetPlatform
[2019.01.16-20.32.08:925][  0]LogTemp: Display: Loaded TP AndroidTargetPlatform
[2019.01.16-20.32.08:925][  0]LogTemp: Display: Loaded TP AndroidTargetPlatform
[2019.01.16-20.32.08:925][  0]LogTemp: Display: Loaded TP AndroidTargetPlatform
[2019.01.16-20.32.08:925][  0]LogTemp: Display: Loaded TP AndroidTargetPlatform
[2019.01.16-20.32.08:925][  0]LogTemp: Display: Loaded TP AndroidTargetPlatform
[2019.01.16-20.32.08:925][  0]LogTemp: Display: Loaded TP AndroidTargetPlatform
[2019.01.16-20.32.08:925][  0]LogTemp: Display: Loaded TP AndroidTargetPlatform
[2019.01.16-20.32.08:925][  0]LogTemp: Display: Loaded TP AndroidTargetPlatform
[2019.01.16-20.32.08:925][  0]LogTemp: Display: Loaded TP AndroidTargetPlatform
[2019.01.16-20.32.08:925][  0]LogTemp: Display: Loaded TP AndroidTargetPlatform
[2019.01.16-20.32.08:926][  0]LogTemp: Display: Loaded TP HTML5TargetPlatform
[2019.01.16-20.32.08:984][  0]LogTemp: Display: Loaded TP IOSTargetPlatform
[2019.01.16-20.32.08:984][  0]LogTemp: Display: Loaded TP IOSTargetPlatform
[2019.01.16-20.32.09:004][  0]LogTemp: Display: Loaded TP TVOSTargetPlatform
[2019.01.16-20.32.09:004][  0]LogTemp: Display: Loaded TP TVOSTargetPlatform
[2019.01.16-20.32.09:014][  0]LogTemp: Display: Loaded TP LinuxClientTargetPlatform
[2019.01.16-20.32.09:025][  0]LogTemp: Display: Loaded TP LinuxNoEditorTargetPlatform
[2019.01.16-20.32.09:035][  0]LogTemp: Display: Loaded TP LinuxServerTargetPlatform
[2019.01.16-20.32.09:046][  0]LogTemp: Display: Loaded TP LinuxTargetPlatform
[2019.01.16-20.32.09:054][  0]LogTemp: Display: Loaded TP LuminTargetPlatform
[2019.01.16-20.32.09:055][  0]LogTargetPlatformManager: Display: Building Assets For Windows
[2019.01.16-20.32.09:109][  0]LogXGEController: Cannot use XGE Controller as Incredibuild is not installed on this machine.
[2019.01.16-20.32.09:109][  0]LogShaderCompilers: Cannot use XGE Shader Compiler as Incredibuild is not installed on this machine.
[2019.01.16-20.32.09:109][  0]LogShaderCompilers: Display: Using Local Shader Compiler.
[2019.01.16-20.32.09:755][  0]LogDerivedDataCache: Display: Max Cache Size: 512 MB
[2019.01.16-20.32.09:814][  0]LogDerivedDataCache: Loaded boot cache 0.06s 87MB C:/Users/u1126336/AppData/Local/UnrealEngine/4.20/DerivedDataCache/Boot.ddc.
[2019.01.16-20.32.09:814][  0]LogDerivedDataCache: Display: Loaded Boot cache: C:/Users/u1126336/AppData/Local/UnrealEngine/4.20/DerivedDataCache/Boot.ddc
[2019.01.16-20.32.09:814][  0]LogDerivedDataCache: FDerivedDataBackendGraph:  Pak pak cache file ../../../../../../Users/u1126336/Documents/GitHub/AE_AssetPipelinePersonalRepo/AE_Whitebox_ICA/DerivedDataCache/DDC.ddp not found, will not use a pak cache.
[2019.01.16-20.32.09:814][  0]LogDerivedDataCache: Unable to find inner node Pak for hierarchical cache Hierarchy.
[2019.01.16-20.32.09:814][  0]LogDerivedDataCache: FDerivedDataBackendGraph:  CompressedPak pak cache file ../../../../../../Users/u1126336/Documents/GitHub/AE_AssetPipelinePersonalRepo/AE_Whitebox_ICA/DerivedDataCache/Compressed.ddp not found, will not use a pak cache.
[2019.01.16-20.32.09:814][  0]LogDerivedDataCache: Unable to find inner node CompressedPak for hierarchical cache Hierarchy.
[2019.01.16-20.32.09:825][  0]LogDerivedDataCache: Display: Pak cache opened for reading ../../../Engine/DerivedDataCache/Compressed.ddp.
[2019.01.16-20.32.09:838][  0]LogDerivedDataCache: Using Local data cache path C:/Users/u1126336/AppData/Local/UnrealEngine/Common/DerivedDataCache: Writable
[2019.01.16-20.32.09:838][  0]LogDerivedDataCache: Shared data cache path not found in *engine.ini, will not use an Shared cache.
[2019.01.16-20.32.09:838][  0]LogDerivedDataCache: Unable to find inner node Shared for hierarchical cache Hierarchy.
[2019.01.16-20.32.09:853][  0]LogMaterial: Verifying Global Shaders for PCD3D_SM5
[2019.01.16-20.32.09:854][  0]LogSlate: Using FreeType 2.6.0
[2019.01.16-20.32.09:855][  0]LogSlate: SlateFontServices - WITH_FREETYPE: 1, WITH_HARFBUZZ: 1
[2019.01.16-20.32.09:924][  0]LogAssetRegistry: FAssetRegistry took 0.0262 seconds to start up
[2019.01.16-20.32.10:233][  0]LogInit: Selected Device Profile: [Windows]
[2019.01.16-20.32.10:355][  0]LogSimplygon: Simplygon DLL not present - disabling.
[2019.01.16-20.32.10:359][  0]LogMeshReduction: Using SimplygonSwarm for distributed automatic mesh merging
[2019.01.16-20.32.10:359][  0]LogMeshReduction: Using ProxyLODMeshReduction for automatic mesh merging
[2019.01.16-20.32.10:359][  0]LogMeshReduction: Using QuadricMeshReduction for automatic static mesh reduction
[2019.01.16-20.32.10:359][  0]LogMeshReduction: No automatic skeletal mesh reduction module available
[2019.01.16-20.32.10:371][  0]LogNetVersion: AE_Whitebox_ICA 1.0.0, NetCL: 4212847, EngineNetVer: 5, GameNetVer: 0 (Checksum: 1704615414)
[2019.01.16-20.32.10:857][  0]LogPackageLocalizationCache: Processed 11 localized package path(s) for 2 prioritized culture(s) in 0.097421 seconds
[2019.01.16-20.32.10:863][  0]LogUObjectArray: 38425 objects as part of root set at end of initial load.
[2019.01.16-20.32.10:863][  0]LogUObjectAllocator: 6690864 out of 0 bytes used by permanent object pool.
[2019.01.16-20.32.10:863][  0]LogUObjectArray: CloseDisregardForGC: 0/0 objects in disregard for GC pool
[2019.01.16-20.32.11:640][  0]LogTcpMessaging: Initializing TcpMessaging bridge
[2019.01.16-20.32.11:653][  0]LogUdpMessaging: Initializing bridge on interface 0.0.0.0:0 to multicast group 230.0.0.1:6666.
[2019.01.16-20.32.11:784][  0]SourceControl: Source control is disabled
[2019.01.16-20.32.11:784][  0]SourceControl: Source control is disabled
[2019.01.16-20.32.11:785][  0]SourceControl: Source control is disabled
[2019.01.16-20.32.11:786][  0]SourceControl: Source control is disabled
[2019.01.16-20.32.11:942][  0]LogAndroidPermission: UAndroidPermissionCallbackProxy::GetInstance
[2019.01.16-20.32.12:013][  0]LogOcInput: OculusInput pre-init called
[2019.01.16-20.32.12:067][  0]LogEngine: Initializing Engine...
[2019.01.16-20.32.12:067][  0]LogHMD: Failed to initialize OpenVR with code 110
[2019.01.16-20.32.12:068][  0]LogStats: UGameplayTagsManager::ConstructGameplayTagTree: ImportINI prefixes -  0.000 s
[2019.01.16-20.32.12:068][  0]LogStats: UGameplayTagsManager::ConstructGameplayTagTree: Construct from data asset -  0.000 s
[2019.01.16-20.32.12:068][  0]LogStats: UGameplayTagsManager::ConstructGameplayTagTree: ImportINI -  0.000 s
[2019.01.16-20.32.12:068][  0]LogStats: UGameplayTagsManager::ConstructGameplayTagTree: GameplayTagTreeChangedEvent.Broadcast -  0.000 s
[2019.01.16-20.32.12:247][  0]LogInit: Initializing FReadOnlyCVARCache
[2019.01.16-20.32.12:260][  0]LogAIModule: Creating AISystem for world Untitled
[2019.01.16-20.32.12:288][  0]LogInit: XAudio2 using '1 - CintiqPro24P (AMD High Definition Audio Device)' : 2 channels at 48 kHz using 16 bits per sample (channel mask 0x3)
[2019.01.16-20.32.12:315][  0]LogInit: FAudioDevice initialized.
[2019.01.16-20.32.12:315][  0]LogNetVersion: Set ProjectVersion to 1.0.0.0. Version Checksum will be recalculated on next use.
[2019.01.16-20.32.12:401][  0]LogDerivedDataCache: Saved boot cache 0.09s 87MB C:/Users/u1126336/AppData/Local/UnrealEngine/4.20/DerivedDataCache/Boot.ddc.
[2019.01.16-20.32.12:418][  0]LogInit: Texture streaming: Enabled
[2019.01.16-20.32.12:433][  0]LogEngineSessionManager: EngineSessionManager initialized
[2019.01.16-20.32.12:448][  0]LogInit: Transaction tracking system initialized
[2019.01.16-20.32.12:468][  0]BlueprintLog: New page: Editor Load
[2019.01.16-20.32.12:543][  0]LocalizationService: Localization service is disabled
[2019.01.16-20.32.12:769][  0]LogCook: Display: Max memory allowance for cook 16384mb min free memory 0mb
[2019.01.16-20.32.12:769][  0]LogCook: Display: Mobile HDR setting 1
[2019.01.16-20.32.12:769][  0]LogGameplayTags: Display: UGameplayTagsManager::DoneAddingNativeTags. DelegateIsBound: 0
[2019.01.16-20.32.12:769][  0]LogStats: UGameplayTagsManager::ConstructGameplayTagTree: ImportINI prefixes -  0.000 s
[2019.01.16-20.32.12:769][  0]LogFileCache: Scanning file cache for directory 'C:/Users/u1126336/Documents/GitHub/AE_AssetPipelinePersonalRepo/AE_Whitebox_ICA/Content/' took 0.01s
[2019.01.16-20.32.12:769][  0]LogStats: UGameplayTagsManager::ConstructGameplayTagTree: Construct from data asset -  0.000 s
[2019.01.16-20.32.12:769][  0]LogStats: UGameplayTagsManager::ConstructGameplayTagTree: ImportINI -  0.000 s
[2019.01.16-20.32.12:769][  0]LogStats: UGameplayTagsManager::ConstructGameplayTagTree: GameplayTagTreeChangedEvent.Broadcast -  0.000 s
[2019.01.16-20.32.12:884][  0]SourceControl: Source control is disabled
[2019.01.16-20.32.12:884][  0]Cmd: MAP LOAD FILE="../../../../../../Users/u1126336/Documents/GitHub/AE_AssetPipelinePersonalRepo/AE_Whitebox_ICA/Content/Maps/MAP_Whitebox_ICA.umap" TEMPLATE=0 SHOWPROGRESS=1 FEATURELEVEL=3
[2019.01.16-20.32.12:885][  0]LightingResults: New page: Lighting Build
[2019.01.16-20.32.12:887][  0]MapCheck: New page: Map Check
[2019.01.16-20.32.12:887][  0]LightingResults: New page: Lighting Build
[2019.01.16-20.32.13:060][  0]LogMaterial: Display: Missing cached shader map for material M_Solid_White_AE, compiling. 
[2019.01.16-20.32.13:100][  0]LogMaterial: Display: Missing cached shader map for material SM_hatMat, compiling. 
[2019.01.16-20.32.13:147][  0]LogShaderCompilers: Display: Shaders left to compile 22
[2019.01.16-20.32.13:147][  0]LogShaderCompilers: Display: Shaders left to compile 12
[2019.01.16-20.32.13:147][  0]LogShaderCompilers: Display: Shaders left to compile 2
[2019.01.16-20.32.13:147][  0]LogStaticMesh: Building static mesh mann...
[2019.01.16-20.32.13:252][  0]LogStaticMesh: Built static mesh [0.11s] /Game/Characters/mann.mann
[2019.01.16-20.32.13:346][  0]LogAIModule: Creating AISystem for world MAP_Whitebox_ICA
[2019.01.16-20.32.13:357][  0]LogEditorServer: Finished looking for orphan Actors (0.000 secs)
[2019.01.16-20.32.13:420][  0]Cmd: MAP CHECKDEP NOCLEARLOG
[2019.01.16-20.32.13:504][  0]LogShaderCompilers: Display: Shaders left to compile 22
[2019.01.16-20.32.13:504][  0]LogShaderCompilers: Display: Shaders left to compile 12
[2019.01.16-20.32.13:504][  0]MapCheck: Map check complete: 0 Error(s), 0 Warning(s), took 83.048ms to complete.
[2019.01.16-20.32.13:504][  0]LogFileHelpers: Loading map 'MAP_Whitebox_ICA' took 0.620
[2019.01.16-20.32.13:645][  0]LogSlate: Updating window title bar state: overlay mode, drag disabled, window buttons hidden, title bar hidden
[2019.01.16-20.32.13:652][  0]LogSlate: Updating window title bar state: overlay mode, drag disabled, window buttons hidden, title bar hidden
[2019.01.16-20.32.13:658][  0]LogSlate: Updating window title bar state: overlay mode, drag disabled, window buttons hidden, title bar hidden
[2019.01.16-20.32.13:663][  0]LogSlate: Updating window title bar state: overlay mode, drag disabled, window buttons hidden, title bar hidden
[2019.01.16-20.32.13:678][  0]LogCollectionManager: Loaded 0 collections in 0.001637 seconds
[2019.01.16-20.32.13:736][  0]LogFileCache: Scanning file cache for directory 'C:/Users/u1126336/Documents/GitHub/AE_AssetPipelinePersonalRepo/AE_Whitebox_ICA/Saved/Collections/' took 0.01s
[2019.01.16-20.32.13:736][  0]LogFileCache: Scanning file cache for directory 'C:/Users/u1126336/Documents/GitHub/AE_AssetPipelinePersonalRepo/AE_Whitebox_ICA/Content/Developers/u1126336/Collections/' took 0.01s
[2019.01.16-20.32.13:736][  0]LogFileCache: Scanning file cache for directory 'C:/Users/u1126336/Documents/GitHub/AE_AssetPipelinePersonalRepo/AE_Whitebox_ICA/Content/Collections/' took 0.01s
[2019.01.16-20.32.13:736][  0]LogCollectionManager: Rebuilt the GUID cache for 0 collections in 0.000000 seconds
[2019.01.16-20.32.13:748][  0]LogContentBrowser: Native class hierarchy populated in 0.0101 seconds. Added 2572 classes and 603 folders.
[2019.01.16-20.32.13:762][  0]LogContentBrowser: Native class hierarchy updated for 'WidgetCarousel' in 0.0002 seconds. Added 0 classes and 0 folders.
[2019.01.16-20.32.14:316][  0]LogContentBrowser: Native class hierarchy updated for 'AddContentDialog' in 0.0004 seconds. Added 0 classes and 0 folders.
[2019.01.16-20.32.14:334][  0]LogContentBrowser: Native class hierarchy updated for 'SceneOutliner' in 0.0004 seconds. Added 1 classes and 2 folders.
[2019.01.16-20.32.14:397][  0]LogShaderCompilers: Display: Shaders left to compile 2
[2019.01.16-20.32.14:397][  0]LogSlate: Took 0.000240 seconds to synchronously load lazily loaded font '../../../Engine/Content/Slate/Fonts/Roboto-Regular.ttf' (155K)
[2019.01.16-20.32.14:399][  0]LogSlate: Took 0.000197 seconds to synchronously load lazily loaded font '../../../Engine/Content/Slate/Fonts/Roboto-Bold.ttf' (160K)
[2019.01.16-20.32.14:418][  0]LogSlate: Took 0.009439 seconds to synchronously load lazily loaded font '../../../Engine/Content/Editor/Slate/Fonts/FontAwesome.ttf' (139K)
[2019.01.16-20.32.14:591][  0]LogRenderer: Reallocating scene render targets to support 1208x576 Format 10 NumSamples 1 (Frame:1).
[2019.01.16-20.32.15:097][  0]LogSlate: FSceneViewport::OnFocusLost() reason 2
[2019.01.16-20.32.15:115][  0]LogSlate: Window 'Tutorials' being destroyed
[2019.01.16-20.32.15:152][  0]LogContentBrowser: Native class hierarchy updated for 'HierarchicalLODOutliner' in 0.0003 seconds. Added 0 classes and 0 folders.
[2019.01.16-20.32.15:152][  0]LogLoad: (Engine Initialization) Total time: 9.49 seconds
[2019.01.16-20.32.15:152][  0]LogLoad: (Engine Initialization) Total Blueprint compile time: 0.00 seconds
[2019.01.16-20.32.15:191][  0]LogContentStreaming: Texture pool size now 1000 MB
[2019.01.16-20.32.15:250][  1]LogAssetRegistry: Asset discovery search completed in 5.3482 seconds
[2019.01.16-20.32.15:255][  1]LogCollectionManager: Rebuilt the object cache for 0 collections in 0.000001 seconds (found 0 objects)
[2019.01.16-20.32.15:255][  1]LogCollectionManager: Fixed up redirectors for 0 collections in 0.000111 seconds (updated 0 objects)
[2019.01.16-20.32.16:202][ 66]LogSlate: Took 0.007059 seconds to synchronously load lazily loaded font '../../../Engine/Content/Slate/Fonts/Roboto-Light.ttf' (167K)
[2019.01.16-20.32.23:550][145]LogSlate: FSceneViewport::OnFocusLost() reason 0
[2019.01.16-20.32.23:737][145]LogAssetEditorManager: Opening Asset editor for Material /Game/Materials/M_Solid_White_AE.M_Solid_White_AE
[2019.01.16-20.32.23:741][145]LogMaterial: Display: Missing cached shader map for material M_Solid_White_AE, compiling. 
[2019.01.16-20.32.24:135][145]LogMaterial: Display: Missing cached shader map for material M_Solid_White_AE, compiling. 
[2019.01.16-20.32.24:160][145]LogShaderCompilers: Display: Shaders left to compile 21
[2019.01.16-20.32.24:160][145]LogShaderCompilers: Display: Shaders left to compile 20
[2019.01.16-20.32.24:160][145]LogShaderCompilers: Display: Shaders left to compile 19
[2019.01.16-20.32.24:160][145]LogShaderCompilers: Display: Shaders left to compile 18
[2019.01.16-20.32.24:172][145]LogMaterial: Display: Missing cached shader map for material FMatExpressionPreview MaterialExpressionVectorParameter_0, compiling. 
[2019.01.16-20.32.24:212][145]LogAssetEditorManager: Opening Asset editor for MaterialInstanceConstant /Game/Materials/MI_Solid_Green_AE.MI_Solid_Green_AE
[2019.01.16-20.32.24:350][145]LogShaderCompilers: Display: Shaders left to compile 19
[2019.01.16-20.32.24:356][145]LogAssetEditorManager: Opening Asset editor for MaterialInstanceConstant /Game/Materials/MI_Solid_StreetPaint_AE.MI_Solid_StreetPaint_AE
[2019.01.16-20.32.24:441][145]LogShaderCompilers: Display: Shaders left to compile 18
[2019.01.16-20.32.24:441][145]LogShaderCompilers: Display: Shaders left to compile 17
[2019.01.16-20.32.24:441][145]LogShaderCompilers: Display: Shaders left to compile 16
[2019.01.16-20.32.24:530][145]LogShaderCompilers: Display: Shaders left to compile 15
[2019.01.16-20.32.24:564][145]LogShaderCompilers: Display: Shaders left to compile 14
[2019.01.16-20.32.24:587][145]LogShaderCompilers: Display: Shaders left to compile 13
[2019.01.16-20.32.24:587][145]LogShaderCompilers: Display: Shaders left to compile 12
[2019.01.16-20.32.24:689][146]LogShaderCompilers: Display: Shaders left to compile 11
[2019.01.16-20.32.24:851][154]LogShaderCompilers: Display: Shaders left to compile 10
[2019.01.16-20.32.25:000][165]LogShaderCompilers: Display: Shaders left to compile 9
[2019.01.16-20.32.25:027][166]LogShaderCompilers: Display: Shaders left to compile 8
[2019.01.16-20.32.25:091][170]LogShaderCompilers: Display: Shaders left to compile 7
[2019.01.16-20.32.25:250][183]LogShaderCompilers: Display: Shaders left to compile 6
[2019.01.16-20.32.25:266][184]LogShaderCompilers: Display: Shaders left to compile 5
[2019.01.16-20.32.25:475][200]LogShaderCompilers: Display: Shaders left to compile 4
[2019.01.16-20.32.25:485][201]LogShaderCompilers: Display: Shaders left to compile 3
[2019.01.16-20.32.25:542][205]LogShaderCompilers: Display: Shaders left to compile 2
[2019.01.16-20.32.25:636][213]LogShaderCompilers: Display: Shaders left to compile 1
[2019.01.16-20.32.25:880][233]MaterialEditorStats: Base pass shader: 101 instructions
[2019.01.16-20.32.25:880][233]MaterialEditorStats: Base pass shader with Volumetric Lightmap: 174 instructions
[2019.01.16-20.32.25:880][233]MaterialEditorStats: Base pass vertex shader: 32 instructions
[2019.01.16-20.32.25:880][233]MaterialEditorStats: Texture samplers: 3/16
[2019.01.16-20.32.27:625][381]LogSlate: Took 0.005207 seconds to synchronously load lazily loaded font '../../../Engine/Content/Slate/Fonts/Roboto-BoldCondensed.ttf' (158K)
[2019.01.16-20.32.27:768][382]LogSlate: Took 0.006719 seconds to synchronously load lazily loaded font '../../../Engine/Content/Slate/Fonts/Roboto-Italic.ttf' (157K)
[2019.01.16-20.32.28:973][471]LogSlate: Window 'M_Solid_White_AE' being destroyed
[2019.01.16-20.32.33:598][931]LogSlate: FSceneViewport::OnFocusLost() reason 0
[2019.01.16-20.32.36:514][253]LogSlate: Took 0.000222 seconds to synchronously load lazily loaded font '../../../Engine/Content/Slate/Fonts/Roboto-Light.ttf' (167K)
[2019.01.16-20.32.41:060][743]LogDirectoryWatcher: Warning: Failed to begin reading directory changes for ../../../../../../Users/u1126336/Documents/GitHub/AE_AssetPipelinePersonalRepo/AE_Whitebox_ICA/Plugins/. Error: The system cannot find the file specified. (0x00000002)
[2019.01.16-20.32.47:082][350]LogSlate: Window 'Plugins' being destroyed
[2019.01.16-20.32.47:086][350]LogSlate: Window 'Plugins' being destroyed
[2019.01.16-20.32.47:086][350]LogDirectoryWatcher: A directory notification for '../../../Engine/Plugins/' was aborted.
[2019.01.16-20.33.14:203][135]LogSlate: FSceneViewport::OnFocusLost() reason 2
[2019.01.16-20.35.17:507][284]LogAIModule: Creating AISystem for world AE_MAP_CityBlock
[2019.01.16-20.35.21:122][565]LogSlate: Window 'Save Content' being destroyed
[2019.01.16-20.35.21:577][565]LogSavePackage: Moving '../../../../../../Users/u1126336/Documents/GitHub/AE_AssetPipelinePersonalRepo/AE_Whitebox_ICA/Saved/AE_MAP_CityBlock578C1FB54B95C7A552F4368E43E5DECB.tmp' to '../../../../../../Users/u1126336/Documents/GitHub/AE_AssetPipelinePersonalRepo/AE_Whitebox_ICA/Content/Maps/AE_MAP_CityBlock.umap'
[2019.01.16-20.35.21:611][565]LogFileHelpers: Saving map 'AE_MAP_CityBlock' took 0.462
[2019.01.16-20.35.21:628][565]LogSavePackage: Moving '../../../../../../Users/u1126336/Documents/GitHub/AE_AssetPipelinePersonalRepo/AE_Whitebox_ICA/Saved/AE_MAP_CityBlock_BuiltData0E0606CD4251FAA02F3FD99B816401E0.tmp' to '../../../../../../Users/u1126336/Documents/GitHub/AE_AssetPipelinePersonalRepo/AE_Whitebox_ICA/Content/Maps/AE_MAP_CityBlock_BuiltData.uasset'
[2019.01.16-20.35.22:400][642]LogAssetEditorManager: Opening Asset editor for World /Game/Maps/AE_MAP_CityBlock.AE_MAP_CityBlock
[2019.01.16-20.35.22:421][642]Cmd: MAP LOAD FILE="../../../../../../Users/u1126336/Documents/GitHub/AE_AssetPipelinePersonalRepo/AE_Whitebox_ICA/Content/Maps/AE_MAP_CityBlock.umap" TEMPLATE=0 SHOWPROGRESS=1 FEATURELEVEL=3
[2019.01.16-20.35.22:421][642]LightingResults: New page: Lighting Build
[2019.01.16-20.35.22:421][642]LoadErrors: New page: Loading map: AE_MAP_CityBlock.umap
[2019.01.16-20.35.22:423][642]MapCheck: New page: Map Check
[2019.01.16-20.35.22:423][642]LightingResults: New page: Lighting Build
[2019.01.16-20.35.22:451][642]LogEditorServer: Finished looking for orphan Actors (0.000 secs)
[2019.01.16-20.35.22:587][642]Cmd: MAP CHECKDEP NOCLEARLOG
[2019.01.16-20.35.22:650][642]MapCheck: Map check complete: 0 Error(s), 0 Warning(s), took 62.523ms to complete.
[2019.01.16-20.35.22:652][642]LogFileHelpers: Loading map 'AE_MAP_CityBlock' took 0.231
[2019.01.16-20.38.03:415][363]LogSlate: FSceneViewport::OnFocusLost() reason 0
[2019.01.16-20.41.45:229][185]Cmd: BRUSH ADD SELECTNEWBRUSH
[2019.01.16-20.41.56:519][467]LogSlate: FSceneViewport::OnFocusLost() reason 0
[2019.01.16-20.42.22:691][547]LogSlate: FSceneViewport::OnFocusLost() reason 0
[2019.01.16-20.43.11:202][364]Cmd: CAMERA ALIGN ACTIVEVIEWPORTONLY
[2019.01.16-20.43.30:902][588]LogEditorViewport: Clicking Background
[2019.01.16-20.43.33:295][856]LogSlate: FSceneViewport::OnFocusLost() reason 2
[2019.01.16-20.43.36:332][209]Cmd: CAMERA ALIGN ACTIVEVIEWPORTONLY
[2019.01.16-20.43.37:729][370]LogSlate: FSceneViewport::OnFocusLost() reason 2
[2019.01.16-20.43.40:745][710]LogSlate: FSceneViewport::OnFocusLost() reason 0
[2019.01.16-20.43.42:974][817]LogSlate: Window 'Message' being destroyed
[2019.01.16-20.43.52:254][860]LogSlate: FSceneViewport::OnFocusLost() reason 0
[2019.01.16-20.43.56:030][297]LogSlate: FSceneViewport::OnFocusLost() reason 0
[2019.01.16-20.44.13:372][326]LogSlate: FSceneViewport::OnFocusLost() reason 0
[2019.01.16-20.44.13:430][333]LogGeometryMode: Warning: Unable to find 2 Edge(s) in new BSP
[2019.01.16-20.44.13:430][333]LogGeometryMode: Warning: Unable to resolve BoxBrush Brush in new BSP, see above
[2019.01.16-20.44.13:430][333]LogGeometryMode: Warning: Unable to find all previously selected geometry data, resetting selection
[2019.01.16-20.44.19:963][ 90]LogEditorViewport: Clicking Background
[2019.01.16-20.44.23:967][544]LogSlate: FSceneViewport::OnFocusLost() reason 0
[2019.01.16-20.44.35:939][957]LogSlate: FSceneViewport::OnFocusLost() reason 0
[2019.01.16-20.44.53:702][ 71]Cmd: TRANSACTION UNDO
[2019.01.16-20.44.53:702][ 71]LogEditorTransaction: Undo Modifier [Brush Clip]
[2019.01.16-20.44.53:946][ 96]Cmd: TRANSACTION UNDO
[2019.01.16-20.44.53:946][ 96]LogEditorTransaction: Undo Edit Split
[2019.01.16-20.44.54:141][116]Cmd: TRANSACTION UNDO
[2019.01.16-20.44.54:141][116]LogEditorTransaction: Undo Move Actors
[2019.01.16-20.44.54:200][116]LogActorComponent: ~FComponentReregisterContext: (/Game/Maps/AE_MAP_CityBlock.AE_MAP_CityBlock:PersistentLevel.BRUSH_Street_53.BrushComponent0) Component already registered.
[2019.01.16-20.44.54:206][116]LogActorComponent: ~FComponentReregisterContext: (/Game/Maps/AE_MAP_CityBlock.AE_MAP_CityBlock:PersistentLevel.BRUSH_Street_23.BrushComponent0) Component already registered.
[2019.01.16-20.44.54:210][116]LogActorComponent: ~FComponentReregisterContext: (/Game/Maps/AE_MAP_CityBlock.AE_MAP_CityBlock:PersistentLevel.BRUSH_Grass_10.BrushComponent0) Component already registered.
[2019.01.16-20.44.54:327][117]Cmd: TRANSACTION UNDO
[2019.01.16-20.44.54:327][117]LogEditorTransaction: Undo Marquee Select
[2019.01.16-20.44.54:490][132]Cmd: TRANSACTION UNDO
[2019.01.16-20.44.54:490][132]LogEditorTransaction: Undo Clicking Background
[2019.01.16-20.44.54:839][168]Cmd: TRANSACTION UNDO
[2019.01.16-20.44.54:839][168]LogEditorTransaction: Undo Marquee Select
[2019.01.16-20.44.55:057][189]Cmd: TRANSACTION UNDO
[2019.01.16-20.44.55:057][189]LogEditorTransaction: Undo Marquee Select
[2019.01.16-20.44.55:377][223]Cmd: TRANSACTION UNDO
[2019.01.16-20.44.55:377][223]LogEditorTransaction: Undo Modifier [Split]
[2019.01.16-20.44.55:433][223]LogActorComponent: ~FComponentReregisterContext: (/Game/Maps/AE_MAP_CityBlock.AE_MAP_CityBlock:PersistentLevel.BRUSH_Street_53.BrushComponent0) Component already registered.
[2019.01.16-20.44.55:438][223]LogActorComponent: ~FComponentReregisterContext: (/Game/Maps/AE_MAP_CityBlock.AE_MAP_CityBlock:PersistentLevel.BRUSH_Street_23.BrushComponent0) Component already registered.
[2019.01.16-20.44.55:442][223]LogActorComponent: ~FComponentReregisterContext: (/Game/Maps/AE_MAP_CityBlock.AE_MAP_CityBlock:PersistentLevel.BRUSH_Grass_10.BrushComponent0) Component already registered.
[2019.01.16-20.44.55:584][232]Cmd: TRANSACTION UNDO
[2019.01.16-20.44.55:584][232]LogEditorTransaction: Undo Move Actors
[2019.01.16-20.44.55:642][232]LogActorComponent: ~FComponentReregisterContext: (/Game/Maps/AE_MAP_CityBlock.AE_MAP_CityBlock:PersistentLevel.BRUSH_Street_53.BrushComponent0) Component already registered.
[2019.01.16-20.44.55:649][232]LogActorComponent: ~FComponentReregisterContext: (/Game/Maps/AE_MAP_CityBlock.AE_MAP_CityBlock:PersistentLevel.BRUSH_Street_23.BrushComponent0) Component already registered.
[2019.01.16-20.44.55:655][232]LogActorComponent: ~FComponentReregisterContext: (/Game/Maps/AE_MAP_CityBlock.AE_MAP_CityBlock:PersistentLevel.BRUSH_Grass_10.BrushComponent0) Component already registered.
[2019.01.16-20.44.55:696][232]LogGeometryMode: Warning: Unable to find 2 Edge(s) in new BSP
[2019.01.16-20.44.55:696][232]LogGeometryMode: Warning: Unable to resolve BoxBrush Brush in new BSP, see above
[2019.01.16-20.44.55:696][232]LogGeometryMode: Warning: Unable to find all previously selected geometry data, resetting selection
[2019.01.16-20.44.56:607][334]Cmd: TRANSACTION UNDO
[2019.01.16-20.44.56:607][334]LogEditorTransaction: Undo Move Actors
[2019.01.16-20.44.56:664][334]LogActorComponent: ~FComponentReregisterContext: (/Game/Maps/AE_MAP_CityBlock.AE_MAP_CityBlock:PersistentLevel.BRUSH_Street_53.BrushComponent0) Component already registered.
[2019.01.16-20.44.56:668][334]LogActorComponent: ~FComponentReregisterContext: (/Game/Maps/AE_MAP_CityBlock.AE_MAP_CityBlock:PersistentLevel.BRUSH_Street_23.BrushComponent0) Component already registered.
[2019.01.16-20.44.56:672][334]LogActorComponent: ~FComponentReregisterContext: (/Game/Maps/AE_MAP_CityBlock.AE_MAP_CityBlock:PersistentLevel.BRUSH_Grass_10.BrushComponent0) Component already registered.
[2019.01.16-20.44.56:696][334]LogGeometryMode: Warning: Unable to find 4 Edge(s) in new BSP
[2019.01.16-20.44.56:696][334]LogGeometryMode: Warning: Unable to resolve BoxBrush Brush in new BSP, see above
[2019.01.16-20.44.56:696][334]LogGeometryMode: Warning: Unable to find all previously selected geometry data, resetting selection
[2019.01.16-20.44.57:684][445]Cmd: TRANSACTION UNDO
[2019.01.16-20.44.57:684][445]LogEditorTransaction: Undo Modifier [Brush Clip]
[2019.01.16-20.45.31:485][420]LogEditorViewport: Clicking Background
[2019.01.16-20.45.32:091][490]LogEditorViewport: Clicking on Actor (LMB): Brush (Box Brush)
[2019.01.16-20.45.37:326][103]LogEditorViewport: Clicking on Actor (LMB): Brush (Box Brush)
[2019.01.16-20.45.38:911][289]LogSlate: FSceneViewport::OnFocusLost() reason 0
[2019.01.16-20.45.45:025][  5]LogEditorViewport: Clicking on Actor (LMB): Brush (Box Brush)
[2019.01.16-20.45.56:356][311]Cmd: TRANSACTION UNDO
[2019.01.16-20.45.56:356][311]LogEditorTransaction: Undo Brush Clip
[2019.01.16-20.45.56:419][311]LogActorComponent: ~FComponentReregisterContext: (/Game/Maps/AE_MAP_CityBlock.AE_MAP_CityBlock:PersistentLevel.BRUSH_Street_105.BrushComponent0) Component already registered.
[2019.01.16-20.45.56:419][311]LogActorComponent: ~FComponentReregisterContext: (/Game/Maps/AE_MAP_CityBlock.AE_MAP_CityBlock:PersistentLevel.BRUSH_Street_57.BrushComponent0) Component already registered.
[2019.01.16-20.45.56:420][311]LogActorComponent: ~FComponentReregisterContext: (/Game/Maps/AE_MAP_CityBlock.AE_MAP_CityBlock:PersistentLevel.BRUSH_Grass_5.BrushComponent0) Component already registered.
[2019.01.16-20.45.56:421][311]LogActorComponent: ~FComponentReregisterContext: (/Game/Maps/AE_MAP_CityBlock.AE_MAP_CityBlock:PersistentLevel.BRUSH_Street_46.BrushComponent0) Component already registered.
[2019.01.16-20.45.56:422][311]LogActorComponent: ~FComponentReregisterContext: (/Game/Maps/AE_MAP_CityBlock.AE_MAP_CityBlock:PersistentLevel.BRUSH_Street_50.BrushComponent0) Component already registered.
[2019.01.16-20.45.56:422][311]LogActorComponent: ~FComponentReregisterContext: (/Game/Maps/AE_MAP_CityBlock.AE_MAP_CityBlock:PersistentLevel.BRUSH_Street_54.BrushComponent0) Component already registered.
[2019.01.16-20.45.56:422][311]LogActorComponent: ~FComponentReregisterContext: (/Game/Maps/AE_MAP_CityBlock.AE_MAP_CityBlock:PersistentLevel.BRUSH_Street_75.BrushComponent0) Component already registered.
[2019.01.16-20.45.56:423][311]LogActorComponent: ~FComponentReregisterContext: (/Game/Maps/AE_MAP_CityBlock.AE_MAP_CityBlock:PersistentLevel.BRUSH_Street_72.BrushComponent0) Component already registered.
[2019.01.16-20.45.56:423][311]LogActorComponent: ~FComponentReregisterContext: (/Game/Maps/AE_MAP_CityBlock.AE_MAP_CityBlock:PersistentLevel.BRUSH_Grass_11.BrushComponent0) Component already registered.
[2019.01.16-20.45.56:424][311]LogActorComponent: ~FComponentReregisterContext: (/Game/Maps/AE_MAP_CityBlock.AE_MAP_CityBlock:PersistentLevel.BRUSH_Street_129.BrushComponent0) Component already registered.
[2019.01.16-20.45.56:424][311]LogActorComponent: ~FComponentReregisterContext: (/Game/Maps/AE_MAP_CityBlock.AE_MAP_CityBlock:PersistentLevel.BRUSH_Grass_134.BrushComponent0) Component already registered.
[2019.01.16-20.45.56:424][311]LogActorComponent: ~FComponentReregisterContext: (/Game/Maps/AE_MAP_CityBlock.AE_MAP_CityBlock:PersistentLevel.BRUSH_Street_69.BrushComponent0) Component already registered.
[2019.01.16-20.45.56:425][311]LogActorComponent: ~FComponentReregisterContext: (/Game/Maps/AE_MAP_CityBlock.AE_MAP_CityBlock:PersistentLevel.BRUSH_Street_12.BrushComponent0) Component already registered.
[2019.01.16-20.45.56:426][311]LogActorComponent: ~FComponentReregisterContext: (/Game/Maps/AE_MAP_CityBlock.AE_MAP_CityBlock:PersistentLevel.BRUSH_Street_7.BrushComponent0) Component already registered.
[2019.01.16-20.45.56:426][311]LogActorComponent: ~FComponentReregisterContext: (/Game/Maps/AE_MAP_CityBlock.AE_MAP_CityBlock:PersistentLevel.BRUSH_Street_17.BrushComponent0) Component already registered.
[2019.01.16-20.45.56:431][311]LogActorComponent: ~FComponentReregisterContext: (/Game/Maps/AE_MAP_CityBlock.AE_MAP_CityBlock:PersistentLevel.BRUSH_Street_4.BrushComponent0) Component already registered.
[2019.01.16-20.45.56:432][311]LogActorComponent: ~FComponentReregisterContext: (/Game/Maps/AE_MAP_CityBlock.AE_MAP_CityBlock:PersistentLevel.BRUSH_Street_35.BrushComponent0) Component already registered.
[2019.01.16-20.45.56:432][311]LogActorComponent: ~FComponentReregisterContext: (/Game/Maps/AE_MAP_CityBlock.AE_MAP_CityBlock:PersistentLevel.BRUSH_Street_30.BrushComponent0) Component already registered.
[2019.01.16-20.45.56:432][311]LogActorComponent: ~FComponentReregisterContext: (/Game/Maps/AE_MAP_CityBlock.AE_MAP_CityBlock:PersistentLevel.BRUSH_Street_43.BrushComponent0) Component already registered.
[2019.01.16-20.45.56:433][311]LogActorComponent: ~FComponentReregisterContext: (/Game/Maps/AE_MAP_CityBlock.AE_MAP_CityBlock:PersistentLevel.BRUSH_SubtractStreet_4.BrushComponent0) Component already registered.
[2019.01.16-20.45.56:433][311]LogActorComponent: ~FComponentReregisterContext: (/Game/Maps/AE_MAP_CityBlock.AE_MAP_CityBlock:PersistentLevel.BRUSH_Street_22.BrushComponent0) Component already registered.
[2019.01.16-20.45.56:433][311]LogActorComponent: ~FComponentReregisterContext: (/Game/Maps/AE_MAP_CityBlock.AE_MAP_CityBlock:PersistentLevel.BRUSH_Street_27.BrushComponent0) Component already registered.
[2019.01.16-20.45.56:433][311]LogActorComponent: ~FComponentReregisterContext: (/Game/Maps/AE_MAP_CityBlock.AE_MAP_CityBlock:PersistentLevel.BRUSH_Street_103.BrushComponent0) Component already registered.
[2019.01.16-20.45.56:434][311]LogActorComponent: ~FComponentReregisterContext: (/Game/Maps/AE_MAP_CityBlock.AE_MAP_CityBlock:PersistentLevel.BRUSH_Street_93.BrushComponent0) Component already registered.
[2019.01.16-20.45.56:434][311]LogActorComponent: ~FComponentReregisterContext: (/Game/Maps/AE_MAP_CityBlock.AE_MAP_CityBlock:PersistentLevel.BRUSH_Grass_19.BrushComponent0) Component already registered.
[2019.01.16-20.45.56:434][311]LogActorComponent: ~FComponentReregisterContext: (/Game/Maps/AE_MAP_CityBlock.AE_MAP_CityBlock:PersistentLevel.BRUSH_Street_82.BrushComponent0) Component already registered.
[2019.01.16-20.45.56:434][311]LogActorComponent: ~FComponentReregisterContext: (/Game/Maps/AE_MAP_CityBlock.AE_MAP_CityBlock:PersistentLevel.BRUSH_Grass_13.BrushComponent0) Component already registered.
[2019.01.16-20.45.56:435][311]LogActorComponent: ~FComponentReregisterContext: (/Game/Maps/AE_MAP_CityBlock.AE_MAP_CityBlock:PersistentLevel.BRUSH_Street_90.BrushComponent0) Component already registered.
[2019.01.16-20.45.56:435][311]LogActorComponent: ~FComponentReregisterContext: (/Game/Maps/AE_MAP_CityBlock.AE_MAP_CityBlock:PersistentLevel.BRUSH_Street_116.BrushComponent0) Component already registered.
[2019.01.16-20.45.56:435][311]LogActorComponent: ~FComponentReregisterContext: (/Game/Maps/AE_MAP_CityBlock.AE_MAP_CityBlock:PersistentLevel.BRUSH_Street_113.BrushComponent0) Component already registered.
[2019.01.16-20.45.56:435][311]LogActorComponent: ~FComponentReregisterContext: (/Game/Maps/AE_MAP_CityBlock.AE_MAP_CityBlock:PersistentLevel.BRUSH_Street_96.BrushComponent0) Component already registered.
[2019.01.16-20.45.56:436][311]LogActorComponent: ~FComponentReregisterContext: (/Game/Maps/AE_MAP_CityBlock.AE_MAP_CityBlock:PersistentLevel.BRUSH_Grass_17.BrushComponent0) Component already registered.
[2019.01.16-20.45.56:436][311]LogActorComponent: ~FComponentReregisterContext: (/Game/Maps/AE_MAP_CityBlock.AE_MAP_CityBlock:PersistentLevel.BRUSH_Street_110.BrushComponent0) Component already registered.
[2019.01.16-20.45.56:454][311]LogActorComponent: RegisterComponentWithWorld: (/Game/Maps/AE_MAP_CityBlock.AE_MAP_CityBlock:PersistentLevel.BoxBrush_1.BrushComponent0) Trying to register component with IsPendingKill() == true. Aborting.
[2019.01.16-20.45.56:577][320]Cmd: TRANSACTION UNDO
[2019.01.16-20.45.56:577][320]LogEditorTransaction: Undo Clicking on Actors
[2019.01.16-20.45.56:766][337]Cmd: TRANSACTION UNDO
[2019.01.16-20.45.56:766][337]LogEditorTransaction: Undo Marquee Select
[2019.01.16-20.45.56:968][356]Cmd: TRANSACTION UNDO
[2019.01.16-20.45.56:968][356]LogEditorTransaction: Undo Clicking on Actors
[2019.01.16-20.45.57:146][371]Cmd: TRANSACTION UNDO
[2019.01.16-20.45.57:146][371]LogEditorTransaction: Undo Marquee Select
[2019.01.16-20.45.57:330][387]Cmd: TRANSACTION UNDO
[2019.01.16-20.45.57:330][387]LogEditorTransaction: Undo Modifier [Edit]
[2019.01.16-20.45.57:498][404]Cmd: TRANSACTION UNDO
[2019.01.16-20.45.57:498][404]LogEditorTransaction: Undo Modifier [Edit]
[2019.01.16-20.45.59:267][613]LogSlate: FSceneViewport::OnFocusLost() reason 0
[2019.01.16-20.46.04:698][253]LogEditorViewport: Clicking Background
[2019.01.16-20.46.08:168][661]LogSlate: FSceneViewport::OnFocusLost() reason 0
[2019.01.16-20.46.25:567][665]LogSlate: FSceneViewport::OnFocusLost() reason 2
[2019.01.16-20.46.26:949][828]LogEditorViewport: Clicking on Actor (context menu): Brush (Box Brush)
[2019.01.16-20.46.26:978][828]LogSlate: FSceneViewport::OnFocusLost() reason 2
[2019.01.16-20.46.28:881][ 50]Cmd: SELECT NONE
[2019.01.16-20.46.30:025][186]Cmd: TRANSACTION UNDO
[2019.01.16-20.46.30:025][186]LogEditorTransaction: Undo Select None
[2019.01.16-20.46.30:195][202]Cmd: TRANSACTION UNDO
[2019.01.16-20.46.30:195][202]LogEditorTransaction: Undo Modifier [Edit]
[2019.01.16-20.46.30:355][216]Cmd: TRANSACTION UNDO
[2019.01.16-20.46.30:355][216]LogEditorTransaction: Undo Clicking on Actors (context menu)
[2019.01.16-20.46.30:527][231]Cmd: TRANSACTION UNDO
[2019.01.16-20.46.30:527][231]LogEditorTransaction: Undo Move Actors
[2019.01.16-20.46.30:594][231]LogActorComponent: ~FComponentReregisterContext: (/Game/Maps/AE_MAP_CityBlock.AE_MAP_CityBlock:PersistentLevel.BRUSH_Street_53.BrushComponent0) Component already registered.
[2019.01.16-20.46.30:602][231]LogActorComponent: ~FComponentReregisterContext: (/Game/Maps/AE_MAP_CityBlock.AE_MAP_CityBlock:PersistentLevel.BRUSH_Street_23.BrushComponent0) Component already registered.
[2019.01.16-20.46.30:607][231]LogActorComponent: ~FComponentReregisterContext: (/Game/Maps/AE_MAP_CityBlock.AE_MAP_CityBlock:PersistentLevel.BRUSH_Grass_10.BrushComponent0) Component already registered.
[2019.01.16-20.46.30:695][232]Cmd: TRANSACTION UNDO
[2019.01.16-20.46.30:696][232]LogEditorTransaction: Undo Move Actors
[2019.01.16-20.46.30:760][232]LogActorComponent: ~FComponentReregisterContext: (/Game/Maps/AE_MAP_CityBlock.AE_MAP_CityBlock:PersistentLevel.BRUSH_Street_53.BrushComponent0) Component already registered.
[2019.01.16-20.46.30:766][232]LogActorComponent: ~FComponentReregisterContext: (/Game/Maps/AE_MAP_CityBlock.AE_MAP_CityBlock:PersistentLevel.BRUSH_Street_23.BrushComponent0) Component already registered.
[2019.01.16-20.46.30:770][232]LogActorComponent: ~FComponentReregisterContext: (/Game/Maps/AE_MAP_CityBlock.AE_MAP_CityBlock:PersistentLevel.BRUSH_Grass_10.BrushComponent0) Component already registered.
[2019.01.16-20.46.30:793][232]LogGeometryMode: Warning: Unable to find 2 Edge(s) in new BSP
[2019.01.16-20.46.30:793][232]LogGeometryMode: Warning: Unable to resolve BoxBrush Brush in new BSP, see above
[2019.01.16-20.46.30:793][232]LogGeometryMode: Warning: Unable to find all previously selected geometry data, resetting selection
[2019.01.16-20.46.30:882][236]Cmd: TRANSACTION UNDO
[2019.01.16-20.46.30:882][236]LogEditorTransaction: Undo Modifier [Brush Clip]
[2019.01.16-20.46.31:064][250]Cmd: TRANSACTION UNDO
[2019.01.16-20.46.31:064][250]LogEditorTransaction: Undo Marquee Select
[2019.01.16-20.46.31:275][266]Cmd: TRANSACTION UNDO
[2019.01.16-20.46.31:275][266]LogEditorTransaction: Undo Marquee Select
[2019.01.16-20.46.31:468][283]Cmd: TRANSACTION UNDO
[2019.01.16-20.46.31:468][283]LogEditorTransaction: Undo Marquee Select
[2019.01.16-20.46.31:644][295]Cmd: TRANSACTION UNDO
[2019.01.16-20.46.31:644][295]LogEditorTransaction: Undo Marquee Select
[2019.01.16-20.46.31:831][311]Cmd: TRANSACTION UNDO
[2019.01.16-20.46.31:831][311]LogEditorTransaction: Undo Clicking Background
[2019.01.16-20.46.32:030][328]Cmd: TRANSACTION UNDO
[2019.01.16-20.46.32:030][328]LogEditorTransaction: Undo Modifier [Brush Clip]
[2019.01.16-20.46.32:236][345]Cmd: TRANSACTION UNDO
[2019.01.16-20.46.32:237][345]LogEditorTransaction: Undo Clicking on Actors
[2019.01.16-20.46.32:828][406]Cmd: TRANSACTION UNDO
[2019.01.16-20.46.32:828][406]LogEditorTransaction: Undo Clicking Background
[2019.01.16-20.46.33:262][446]Cmd: TRANSACTION UNDO
[2019.01.16-20.46.33:262][446]LogEditorTransaction: Undo Modifier [Edit]
[2019.01.16-20.46.33:593][476]Cmd: TRANSACTION UNDO
[2019.01.16-20.46.33:593][476]LogEditorTransaction: Undo Modifier [Brush Clip]
[2019.01.16-20.46.33:810][494]Cmd: TRANSACTION UNDO
[2019.01.16-20.46.33:810][494]LogEditorTransaction: Undo Rotate Actors
[2019.01.16-20.46.33:879][494]LogActorComponent: ~FComponentReregisterContext: (/Game/Maps/AE_MAP_CityBlock.AE_MAP_CityBlock:PersistentLevel.BRUSH_Street_53.BrushComponent0) Component already registered.
[2019.01.16-20.46.33:886][494]LogActorComponent: ~FComponentReregisterContext: (/Game/Maps/AE_MAP_CityBlock.AE_MAP_CityBlock:PersistentLevel.BRUSH_Street_23.BrushComponent0) Component already registered.
[2019.01.16-20.46.33:891][494]LogActorComponent: ~FComponentReregisterContext: (/Game/Maps/AE_MAP_CityBlock.AE_MAP_CityBlock:PersistentLevel.BRUSH_Grass_10.BrushComponent0) Component already registered.
[2019.01.16-20.46.33:983][496]Cmd: TRANSACTION UNDO
[2019.01.16-20.46.33:983][496]LogEditorTransaction: Undo Edit Flip Normal
[2019.01.16-20.46.34:158][510]Cmd: TRANSACTION UNDO
[2019.01.16-20.46.34:158][510]LogEditorTransaction: Undo Edit Flip Normal
[2019.01.16-20.46.34:440][535]Cmd: TRANSACTION UNDO
[2019.01.16-20.46.34:440][535]LogEditorTransaction: Undo Edit Split
[2019.01.16-20.46.34:617][549]Cmd: TRANSACTION UNDO
[2019.01.16-20.46.34:617][549]LogEditorTransaction: Undo Edit Split
[2019.01.16-20.46.34:833][568]Cmd: TRANSACTION UNDO
[2019.01.16-20.46.34:833][568]LogEditorTransaction: Undo Edit Flip Normal
[2019.01.16-20.46.35:045][585]Cmd: TRANSACTION UNDO
[2019.01.16-20.46.35:045][585]LogEditorTransaction: Undo Edit Flip Normal
[2019.01.16-20.46.35:252][603]Cmd: TRANSACTION UNDO
[2019.01.16-20.46.35:252][603]LogEditorTransaction: Undo Marquee Select
[2019.01.16-20.46.35:540][628]Cmd: TRANSACTION UNDO
[2019.01.16-20.46.35:540][628]LogEditorTransaction: Undo Marquee Select
[2019.01.16-20.46.35:798][651]Cmd: TRANSACTION UNDO
[2019.01.16-20.46.35:798][651]LogEditorTransaction: Undo Marquee Select
[2019.01.16-20.46.36:059][671]Cmd: TRANSACTION UNDO
[2019.01.16-20.46.36:059][671]LogEditorTransaction: Undo Modifier [Brush Clip]
[2019.01.16-20.46.36:121][671]LogActorComponent: ~FComponentReregisterContext: (/Game/Maps/AE_MAP_CityBlock.AE_MAP_CityBlock:PersistentLevel.BRUSH_Street_53.BrushComponent0) Component already registered.
[2019.01.16-20.46.36:127][671]LogActorComponent: ~FComponentReregisterContext: (/Game/Maps/AE_MAP_CityBlock.AE_MAP_CityBlock:PersistentLevel.BRUSH_Street_23.BrushComponent0) Component already registered.
[2019.01.16-20.46.36:131][671]LogActorComponent: ~FComponentReregisterContext: (/Game/Maps/AE_MAP_CityBlock.AE_MAP_CityBlock:PersistentLevel.BRUSH_Grass_10.BrushComponent0) Component already registered.
[2019.01.16-20.46.36:320][683]Cmd: TRANSACTION UNDO
[2019.01.16-20.46.36:320][683]LogEditorTransaction: Undo Select Brush Surface
[2019.01.16-20.46.36:746][725]Cmd: TRANSACTION UNDO
[2019.01.16-20.46.36:746][725]LogEditorTransaction: Undo Clicking Background
[2019.01.16-20.46.37:101][757]Cmd: TRANSACTION UNDO
[2019.01.16-20.46.37:101][757]LogEditorTransaction: Undo Move Actors
[2019.01.16-20.46.37:173][757]LogActorComponent: ~FComponentReregisterContext: (/Game/Maps/AE_MAP_CityBlock.AE_MAP_CityBlock:PersistentLevel.BRUSH_Street_53.BrushComponent0) Component already registered.
[2019.01.16-20.46.37:181][757]LogActorComponent: ~FComponentReregisterContext: (/Game/Maps/AE_MAP_CityBlock.AE_MAP_CityBlock:PersistentLevel.BRUSH_Street_23.BrushComponent0) Component already registered.
[2019.01.16-20.46.37:188][757]LogActorComponent: ~FComponentReregisterContext: (/Game/Maps/AE_MAP_CityBlock.AE_MAP_CityBlock:PersistentLevel.BRUSH_Grass_10.BrushComponent0) Component already registered.
[2019.01.16-20.46.37:416][774]Cmd: TRANSACTION UNDO
[2019.01.16-20.46.37:416][774]LogEditorTransaction: Undo Move Actors
[2019.01.16-20.46.37:485][774]LogActorComponent: ~FComponentReregisterContext: (/Game/Maps/AE_MAP_CityBlock.AE_MAP_CityBlock:PersistentLevel.BRUSH_Street_53.BrushComponent0) Component already registered.
[2019.01.16-20.46.37:490][774]LogActorComponent: ~FComponentReregisterContext: (/Game/Maps/AE_MAP_CityBlock.AE_MAP_CityBlock:PersistentLevel.BRUSH_Street_23.BrushComponent0) Component already registered.
[2019.01.16-20.46.37:496][774]LogActorComponent: ~FComponentReregisterContext: (/Game/Maps/AE_MAP_CityBlock.AE_MAP_CityBlock:PersistentLevel.BRUSH_Grass_10.BrushComponent0) Component already registered.
[2019.01.16-20.46.37:998][818]Cmd: TRANSACTION UNDO
[2019.01.16-20.46.37:998][818]LogEditorTransaction: Undo Modifier [Brush Clip]
[2019.01.16-20.46.39:092][916]Cmd: TRANSACTION UNDO
[2019.01.16-20.46.39:092][916]LogEditorTransaction: Undo Brush Add
[2019.01.16-20.46.39:128][916]LogActorComponent: RegisterComponentWithWorld: (/Game/Maps/AE_MAP_CityBlock.AE_MAP_CityBlock:PersistentLevel.Brush_0.BrushComponent0) Trying to register component with IsPendingKill() == true. Aborting.
[2019.01.16-20.46.41:640][168]LogSlate: FSceneViewport::OnFocusLost() reason 2
[2019.01.16-20.46.41:997][168]LogSavePackage: Moving '../../../../../../Users/u1126336/Documents/GitHub/AE_AssetPipelinePersonalRepo/AE_Whitebox_ICA/Saved/AE_MAP_CityBlock9F75A6484D87CAE13599F28C3338FE79.tmp' to '../../../../../../Users/u1126336/Documents/GitHub/AE_AssetPipelinePersonalRepo/AE_Whitebox_ICA/Content/Maps/AE_MAP_CityBlock.umap'
[2019.01.16-20.46.42:053][168]LogSavePackage: Moving '../../../../../../Users/u1126336/Documents/GitHub/AE_AssetPipelinePersonalRepo/AE_Whitebox_ICA/Saved/AE_MAP_CityBlock_BuiltData07E0B1994FB3849A707691B505DB353B.tmp' to '../../../../../../Users/u1126336/Documents/GitHub/AE_AssetPipelinePersonalRepo/AE_Whitebox_ICA/Content/Maps/AE_MAP_CityBlock_BuiltData.uasset'
[2019.01.16-20.49.59:701][873]LogSlate: FSceneViewport::OnFocusLost() reason 0
[2019.01.16-20.50.04:914][476]LogSlate: FSceneViewport::OnFocusLost() reason 0
[2019.01.16-20.50.07:014][708]LogSlate: FSceneViewport::OnFocusLost() reason 0
[2019.01.16-20.50.12:232][302]Cmd: BRUSH ADD SELECTNEWBRUSH
[2019.01.16-20.50.17:580][851]LogEditorViewport: Clicking on Actor (LMB): StaticMeshActor (mann)
[2019.01.16-20.50.35:820][856]LogSlate: FSceneViewport::OnFocusLost() reason 0
[2019.01.16-20.51.31:713][ 51]LogSlate: FSceneViewport::OnFocusLost() reason 2
[2019.01.16-20.53.50:919][287]LogSlate: FSceneViewport::OnFocusLost() reason 0
[2019.01.16-20.54.42:840][316]LogEditorViewport: Clicking on Actor (LMB): BP_Sky_Sphere_C (Sky Sphere)
[2019.01.16-20.56.15:353][337]Cmd: SELECT NONE
[2019.01.16-20.56.15:677][371]LogSlate: FSceneViewport::OnFocusLost() reason 0
[2019.01.16-20.56.33:542][399]LogSlate: FSceneViewport::OnFocusLost() reason 0
[2019.01.16-20.56.49:652][213]LogSlate: FSceneViewport::OnFocusLost() reason 0
[2019.01.16-20.57.51:702][419]LogSlate: FSceneViewport::OnFocusLost() reason 0
[2019.01.16-20.58.16:409][157]LogSavePackage: Moving '../../../../../../Users/u1126336/Documents/GitHub/AE_AssetPipelinePersonalRepo/AE_Whitebox_ICA/Saved/MI_Solid_WoodBrown_AE7D5286E148C3F39847CB89BA64C9339F.tmp' to '../../../../../../Users/u1126336/Documents/GitHub/AE_AssetPipelinePersonalRepo/AE_Whitebox_ICA/Content/Materials/MI_Solid_WoodBrown_AE.uasset'
[2019.01.16-20.58.25:124][690]LogAssetEditorManager: Opening Asset editor for MaterialInstanceConstant /Game/Materials/MI_Solid_WoodBrown_AE.MI_Solid_WoodBrown_AE
[2019.01.16-20.59.30:240][504]LogSlate: Window 'Color Picker' being destroyed
[2019.01.16-20.59.35:429][962]LogMaterial: Display: Missing cached shader map for material FDebugViewModeMaterialProxy MI_Solid_WoodBrown_AE, compiling. 
[2019.01.16-20.59.35:861][962]LogShaderCompilers: Display: Shaders left to compile 1
[2019.01.16-20.59.35:862][962]TextureStreamingBuild: Display: Compiling optional shaders took 0.440 seconds.
[2019.01.16-20.59.35:907][962]LogSavePackage: Moving '../../../../../../Users/u1126336/Documents/GitHub/AE_AssetPipelinePersonalRepo/AE_Whitebox_ICA/Saved/MI_Solid_WoodBrown_AE2B957EBE4E351A880E66F1B4B21D51E3.tmp' to '../../../../../../Users/u1126336/Documents/GitHub/AE_AssetPipelinePersonalRepo/AE_Whitebox_ICA/Content/Materials/MI_Solid_WoodBrown_AE.uasset'
[2019.01.16-20.59.40:075][394]LogSlate: FSceneViewport::OnFocusLost() reason 2
[2019.01.16-20.59.40:952][495]Cmd: SELECT NONE
[2019.01.16-20.59.42:353][652]LogSlate: FSceneViewport::OnFocusLost() reason 0
[2019.01.16-20.59.46:843][143]LogEditorViewport: Clicking Background
[2019.01.16-20.59.49:558][455]LogEditorViewport: Clicking Background
[2019.01.16-20.59.58:060][446]Cmd: SELECT NONE
[2019.01.16-21.00.01:638][827]LogSlate: FSceneViewport::OnFocusLost() reason 0
[2019.01.16-21.00.08:547][486]LogSlate: Window 'Color Picker' being destroyed
[2019.01.16-21.00.10:486][669]LogMaterial: Display: Missing cached shader map for material FDebugViewModeMaterialProxy MI_Solid_WoodBrown_AE, compiling. 
[2019.01.16-21.00.10:896][669]LogShaderCompilers: Display: Shaders left to compile 1
[2019.01.16-21.00.10:898][669]TextureStreamingBuild: Display: Compiling optional shaders took 0.415 seconds.
[2019.01.16-21.00.10:934][669]LogSavePackage: Moving '../../../../../../Users/u1126336/Documents/GitHub/AE_AssetPipelinePersonalRepo/AE_Whitebox_ICA/Saved/MI_Solid_WoodBrown_AE744191F84953D6E53BCCD996F8364B5A.tmp' to '../../../../../../Users/u1126336/Documents/GitHub/AE_AssetPipelinePersonalRepo/AE_Whitebox_ICA/Content/Materials/MI_Solid_WoodBrown_AE.uasset'
[2019.01.16-21.00.12:323][813]LogSlate: FSceneViewport::OnFocusLost() reason 0
[2019.01.16-21.00.14:041][954]LogSlate: FSceneViewport::OnFocusLost() reason 0
[2019.01.16-21.00.19:416][528]Cmd: ACTOR SELECT ALL
[2019.01.16-21.00.21:229][727]LogSlate: FSceneViewport::OnFocusLost() reason 0
[2019.01.16-21.00.23:967][ 20]LogSlate: FSceneViewport::OnFocusLost() reason 0
[2019.01.16-21.00.54:929][223]LogEditorViewport: Clicking Background
[2019.01.16-21.01.00:609][820]LogSlate: FSceneViewport::OnFocusLost() reason 0
[2019.01.16-21.01.36:265][909]LogSlate: FSceneViewport::OnFocusLost() reason 2
[2019.01.16-21.01.36:675][909]LogSavePackage: Moving '../../../../../../Users/u1126336/Documents/GitHub/AE_AssetPipelinePersonalRepo/AE_Whitebox_ICA/Saved/AE_MAP_CityBlock_Auto1DBC2243446F0383D890BFCB91F742245.tmp' to '../../../../../../Users/u1126336/Documents/GitHub/AE_AssetPipelinePersonalRepo/AE_Whitebox_ICA/Saved/Autosaves/Game/Maps/AE_MAP_CityBlock_Auto1.umap'
[2019.01.16-21.01.36:679][909]LogFileHelpers: Editor autosave (incl. sublevels) for '/Game/Maps/AE_MAP_CityBlock' took 0.376
[2019.01.16-21.01.36:679][909]LogFileHelpers: Editor autosave (incl. sublevels) for all levels took 0.376
[2019.01.16-21.04.38:853][898]LogSlate: FSceneViewport::OnFocusLost() reason 2
[2019.01.16-21.05.26:203][346]LogSlate: FSceneViewport::OnFocusLost() reason 0
[2019.01.16-21.05.26:721][397]Cmd: BRUSH ADD SELECTNEWBRUSH
[2019.01.16-21.05.27:949][527]LogSlate: FSceneViewport::OnFocusLost() reason 0
[2019.01.16-21.07.42:827][ 91]LogSlate: FSceneViewport::OnFocusLost() reason 0
[2019.01.16-21.07.52:421][147]LogSlate: FSceneViewport::OnFocusLost() reason 0
[2019.01.16-21.08.38:092][288]LogSlate: FSceneViewport::OnFocusLost() reason 0
[2019.01.16-21.08.50:696][189]LogSlate: Window 'Delete Assets' being destroyed
[2019.01.16-21.09.47:363][831]Cmd: SELECT NONE
[2019.01.16-21.09.59:812][ 90]LogSlate: FSceneViewport::OnFocusLost() reason 0
[2019.01.16-21.10.00:593][169]Cmd: BRUSH ADD SELECTNEWBRUSH
[2019.01.16-21.10.01:485][264]LogSlate: FSceneViewport::OnFocusLost() reason 0
[2019.01.16-21.10.22:224][411]LogSlate: FSceneViewport::OnFocusLost() reason 0
[2019.01.16-21.10.30:213][235]Cmd: EDCALLBACK SURFPROPS
[2019.01.16-21.10.52:126][764]Cmd: SELECT NONE
[2019.01.16-21.10.55:960][177]LogSlate: FSceneViewport::OnFocusLost() reason 0
[2019.01.16-21.11.30:523][980]LogWindows: LaunchURL http://docs.unrealengine.com/latest/INT/index.html?utm_source=editor&utm_medium=docs&utm_campaign=help_menu
[2019.01.16-21.11.45:089][205]Cmd: SELECT NONE
[2019.01.16-21.12.12:863][481]LogSlate: FSceneViewport::OnFocusLost() reason 0
[2019.01.16-21.12.21:958][482]LogSlate: FSceneViewport::OnFocusLost() reason 2
[2019.01.16-21.12.22:485][482]LogSavePackage: Moving '../../../../../../Users/u1126336/Documents/GitHub/AE_AssetPipelinePersonalRepo/AE_Whitebox_ICA/Saved/AE_MAP_CityBlock_Auto23B04E1AF4B1397BF7D74A1973D52E93F.tmp' to '../../../../../../Users/u1126336/Documents/GitHub/AE_AssetPipelinePersonalRepo/AE_Whitebox_ICA/Saved/Autosaves/Game/Maps/AE_MAP_CityBlock_Auto2.umap'
[2019.01.16-21.12.22:489][482]LogFileHelpers: Editor autosave (incl. sublevels) for '/Game/Maps/AE_MAP_CityBlock' took 0.505
[2019.01.16-21.12.22:489][482]LogFileHelpers: Editor autosave (incl. sublevels) for all levels took 0.505
[2019.01.16-21.14.12:040][548]LogSlate: FSceneViewport::OnFocusLost() reason 0
[2019.01.16-21.14.25:303][ 18]LogSlate: FSceneViewport::OnFocusLost() reason 2
[2019.01.16-21.14.27:568][288]Cmd: POLY SELECT ADJACENT ALL
[2019.01.16-21.14.29:307][443]LogSlate: FSceneViewport::OnFocusLost() reason 0
[2019.01.16-21.14.31:410][672]Cmd: SELECT NONE
[2019.01.16-21.14.38:429][445]LogSlate: FSceneViewport::OnFocusLost() reason 0
[2019.01.16-21.15.10:765][134]LogSlate: Window 'Save Content' being destroyed
[2019.01.16-21.15.11:341][134]LogSavePackage: Moving '../../../../../../Users/u1126336/Documents/GitHub/AE_AssetPipelinePersonalRepo/AE_Whitebox_ICA/Saved/AE_MAP_CityBlock2A196E974185B3145AE5028BEE642F7A.tmp' to '../../../../../../Users/u1126336/Documents/GitHub/AE_AssetPipelinePersonalRepo/AE_Whitebox_ICA/Content/Maps/AE_MAP_CityBlock.umap'
[2019.01.16-21.15.11:381][134]LogFileHelpers: Saving map 'AE_MAP_CityBlock' took 0.597
[2019.01.16-21.15.11:418][134]LogSavePackage: Moving '../../../../../../Users/u1126336/Documents/GitHub/AE_AssetPipelinePersonalRepo/AE_Whitebox_ICA/Saved/MI_Solid_Stone_AE529E4D6247DDCD40B374E5A5A7228568.tmp' to '../../../../../../Users/u1126336/Documents/GitHub/AE_AssetPipelinePersonalRepo/AE_Whitebox_ICA/Content/Materials/MI_Solid_Stone_AE.uasset'
[2019.01.16-21.15.11:679][150]LogAssetEditorManager: Opening Asset editor for MaterialInstanceConstant /Game/Materials/MI_Solid_Stone_AE.MI_Solid_Stone_AE
[2019.01.16-21.15.34:352][313]LogSlate: Window 'Color Picker' being destroyed
[2019.01.16-21.15.36:425][496]LogMaterial: Display: Missing cached shader map for material FDebugViewModeMaterialProxy MI_Solid_Stone_AE, compiling. 
[2019.01.16-21.15.36:857][496]LogShaderCompilers: Display: Shaders left to compile 1
[2019.01.16-21.15.36:859][496]TextureStreamingBuild: Display: Compiling optional shaders took 0.437 seconds.
[2019.01.16-21.15.36:900][496]LogSavePackage: Moving '../../../../../../Users/u1126336/Documents/GitHub/AE_AssetPipelinePersonalRepo/AE_Whitebox_ICA/Saved/MI_Solid_Stone_AEE62378E54531746AEF3EA09D9D1DFD31.tmp' to '../../../../../../Users/u1126336/Documents/GitHub/AE_AssetPipelinePersonalRepo/AE_Whitebox_ICA/Content/Materials/MI_Solid_Stone_AE.uasset'
[2019.01.16-21.15.38:713][612]LogSlate: Window 'MI_Solid_WoodBrown_AE' being destroyed
[2019.01.16-21.15.41:238][845]LogSlate: FSceneViewport::OnFocusLost() reason 2
[2019.01.16-21.15.41:954][930]Cmd: POLY SELECT ADJACENT ALL
[2019.01.16-21.15.42:916][987]LogSlate: FSceneViewport::OnFocusLost() reason 0
[2019.01.16-21.15.44:774][187]Cmd: SELECT NONE
[2019.01.16-21.15.56:725][457]LogSlate: FSceneViewport::OnFocusLost() reason 0
[2019.01.16-21.16.09:772][887]LogEditorViewport: Clicking on Actor (LMB): StaticMeshActor (mann2)
[2019.01.16-21.17.02:604][512]LogSlate: FSceneViewport::OnFocusLost() reason 0
[2019.01.16-21.17.04:127][665]Cmd: BRUSH ADD SELECTNEWBRUSH
[2019.01.16-21.17.10:416][322]LogSlate: FSceneViewport::OnFocusLost() reason 0
[2019.01.16-21.17.14:089][709]LogSlate: FSceneViewport::OnFocusLost() reason 0
[2019.01.16-21.17.26:034][887]LogSlate: FSceneViewport::OnFocusLost() reason 0
[2019.01.16-21.18.54:748][410]LogSlate: FSceneViewport::OnFocusLost() reason 0
[2019.01.16-21.19.02:198][240]Cmd: TRANSACTION UNDO
[2019.01.16-21.19.02:198][240]LogEditorTransaction: Undo Scale Actors
[2019.01.16-21.19.02:263][240]LogActorComponent: ~FComponentReregisterContext: (/Game/Maps/AE_MAP_CityBlock.AE_MAP_CityBlock:PersistentLevel.BRUSH_Street_129.BrushComponent0) Component already registered.
[2019.01.16-21.19.03:617][346]LogSlate: FSceneViewport::OnFocusLost() reason 0
[2019.01.16-21.19.06:163][577]Cmd: TRANSACTION UNDO
[2019.01.16-21.19.06:163][577]LogEditorTransaction: Undo Scale Actors
[2019.01.16-21.19.06:226][577]LogActorComponent: ~FComponentReregisterContext: (/Game/Maps/AE_MAP_CityBlock.AE_MAP_CityBlock:PersistentLevel.BRUSH_Street_129.BrushComponent0) Component already registered.
[2019.01.16-21.19.08:245][745]LogSlate: FSceneViewport::OnFocusLost() reason 0
[2019.01.16-21.19.27:490][782]LogSlate: FSceneViewport::OnFocusLost() reason 0
[2019.01.16-21.19.29:504][980]LogGeometryMode: Warning: Unable to find 1 Poly(s) in new BSP
[2019.01.16-21.19.29:504][980]LogGeometryMode: Warning: Unable to resolve BoxBrush Brush in new BSP, see above
[2019.01.16-21.19.29:504][980]LogGeometryMode: Warning: Unable to find all previously selected geometry data, resetting selection
[2019.01.16-21.19.56:690][ 39]LogSlate: FSceneViewport::OnFocusLost() reason 0
[2019.01.16-21.19.59:006][306]Cmd: SELECT NONE
[2019.01.16-21.20.05:904][929]LogSlate: FSceneViewport::OnFocusLost() reason 0
[2019.01.16-21.20.20:040][545]LogSlate: FSceneViewport::OnFocusLost() reason 0
[2019.01.16-21.20.49:644][746]Cmd: SELECT NONE
[2019.01.16-21.20.51:033][900]LogSlate: FSceneViewport::OnFocusLost() reason 2
[2019.01.16-21.20.51:517][900]LogSavePackage: Moving '../../../../../../Users/u1126336/Documents/GitHub/AE_AssetPipelinePersonalRepo/AE_Whitebox_ICA/Saved/AE_MAP_CityBlockFD5F8AA142431A27C40BE4A1E8064A06.tmp' to '../../../../../../Users/u1126336/Documents/GitHub/AE_AssetPipelinePersonalRepo/AE_Whitebox_ICA/Content/Maps/AE_MAP_CityBlock.umap'
[2019.01.16-21.20.51:577][900]LogSavePackage: Moving '../../../../../../Users/u1126336/Documents/GitHub/AE_AssetPipelinePersonalRepo/AE_Whitebox_ICA/Saved/AE_MAP_CityBlock_BuiltDataA20220D7486C1226B3238D8BCC5FC1B0.tmp' to '../../../../../../Users/u1126336/Documents/GitHub/AE_AssetPipelinePersonalRepo/AE_Whitebox_ICA/Content/Maps/AE_MAP_CityBlock_BuiltData.uasset'
[2019.01.16-21.21.11:391][ 36]LogSlate: FSceneViewport::OnFocusLost() reason 0
[2019.01.16-21.23.17:451][509]LogSlate: FSceneViewport::OnFocusLost() reason 0
[2019.01.16-21.23.19:110][663]LogActorFactory: Actor Factory created Cube
[2019.01.16-21.23.19:337][682]LogActorFactory: Actor Factory created Cube
[2019.01.16-21.23.34:490][335]LogEditorViewport: Clicking on Actor (LMB): StaticMeshActor (Cube)
[2019.01.16-21.23.35:274][381]Cmd: DELETE
[2019.01.16-21.23.35:274][381]Cmd: ACTOR DELETE
[2019.01.16-21.23.35:293][381]LogEditorActor: Deleted Actor: StaticMeshActor
[2019.01.16-21.23.35:335][381]LogEditorActor: Deleted 1 Actors (0.061 secs)
[2019.01.16-21.23.36:449][509]LogSlate: FSceneViewport::OnFocusLost() reason 0
[2019.01.16-21.23.40:207][861]LogSlate: FSceneViewport::OnFocusLost() reason 0
[2019.01.16-21.23.40:709][912]Cmd: BRUSH ADD SELECTNEWBRUSH
[2019.01.16-21.24.57:149][931]Cmd: DELETE
[2019.01.16-21.24.57:149][931]Cmd: ACTOR DELETE
[2019.01.16-21.24.57:162][931]LogEditorActor: Deleted Actor: Brush
[2019.01.16-21.24.57:264][931]LogEditorActor: Deleted 1 Actors (0.115 secs)
[2019.01.16-21.25.10:452][463]LogSlate: FSceneViewport::OnFocusLost() reason 0
[2019.01.16-21.25.11:232][538]Cmd: BRUSH ADD SELECTNEWBRUSH
[2019.01.16-21.25.13:244][769]Cmd: DELETE
[2019.01.16-21.25.13:244][769]Cmd: ACTOR DELETE
[2019.01.16-21.25.13:257][769]LogEditorActor: Deleted Actor: Brush
[2019.01.16-21.25.13:363][769]LogEditorActor: Deleted 1 Actors (0.119 secs)
[2019.01.16-21.25.14:750][907]LogSlate: FSceneViewport::OnFocusLost() reason 0
[2019.01.16-21.25.16:338][ 79]Cmd: SELECT NONE
[2019.01.16-21.25.17:928][232]LogSlate: FSceneViewport::OnFocusLost() reason 0
[2019.01.16-21.25.19:970][416]Cmd: BRUSH ADD SELECTNEWBRUSH
[2019.01.16-21.25.22:998][729]LogSlate: FSceneViewport::OnFocusLost() reason 2
[2019.01.16-21.25.31:368][465]LogSlate: FSceneViewport::OnFocusLost() reason 2
[2019.01.16-21.25.46:180][894]LogEditorViewport: Clicking on Actor (LMB): StaticMeshActor (mann3)
[2019.01.16-21.26.05:444][838]LogSlate: FSceneViewport::OnFocusLost() reason 0
[2019.01.16-21.27.32:721][ 97]LogSlate: FSceneViewport::OnFocusLost() reason 0
[2019.01.16-21.27.53:731][335]LogSlate: FSceneViewport::OnFocusLost() reason 0
[2019.01.16-21.27.54:884][442]Cmd: BRUSH ADD SELECTNEWBRUSH
[2019.01.16-21.27.56:774][647]LogSlate: FSceneViewport::OnFocusLost() reason 0
[2019.01.16-21.28.19:630][165]Cmd: DELETE
[2019.01.16-21.28.19:630][165]Cmd: ACTOR DELETE
[2019.01.16-21.28.19:652][165]LogEditorActor: Deleted Actor: Brush
[2019.01.16-21.28.19:763][165]LogEditorActor: Deleted 1 Actors (0.132 secs)
[2019.01.16-21.28.22:150][375]LogSlate: FSceneViewport::OnFocusLost() reason 2
[2019.01.16-21.28.29:541][254]LogSlate: FSceneViewport::OnFocusLost() reason 2
[2019.01.16-21.29.59:531][678]Cmd: SELECT NONE
[2019.01.16-21.30.05:633][210]LogSlate: FSceneViewport::OnFocusLost() reason 0
[2019.01.16-21.30.17:978][449]LogEditorViewport: Clicking on Actor (LMB): StaticMeshActor (mann3)
[2019.01.16-21.30.59:059][928]LogEditorViewport: Clicking on Actor (CTRL LMB): StaticMeshActor (mann5)
[2019.01.16-21.31.00:326][ 61]LogSlate: FSceneViewport::OnFocusLost() reason 0
[2019.01.16-21.31.09:748][886]LogEditorViewport: Clicking on Actor (LMB): StaticMeshActor (mann6)
[2019.01.16-21.31.10:415][958]LogSlate: FSceneViewport::OnFocusLost() reason 2
[2019.01.16-21.31.13:421][312]LogSlate: FSceneViewport::OnFocusLost() reason 2
[2019.01.16-21.31.15:951][601]LogEditorViewport: Clicking on Actor (CTRL LMB): StaticMeshActor (statuemann_1)
[2019.01.16-21.31.30:606][289]LogEditorViewport: Clicking on Actor (CTRL LMB): StaticMeshActor (statuemann_2)
[2019.01.16-21.31.31:369][361]LogEditorViewport: Clicking on Actor (CTRL LMB): StaticMeshActor (statuemann_1)
[2019.01.16-21.31.40:157][386]LogSlate: FSceneViewport::OnFocusLost() reason 0
[2019.01.16-21.31.50:835][603]LogEditorViewport: Clicking on Actor (LMB): StaticMeshActor (statuemann_4)
[2019.01.16-21.31.55:984][204]Cmd: TRANSACTION UNDO
[2019.01.16-21.31.55:984][204]LogEditorTransaction: Undo Rotate Actors
[2019.01.16-21.31.56:795][282]LogEditorViewport: Clicking on Actor (LMB): StaticMeshActor (statuemann_2)
[2019.01.16-21.31.59:864][584]LogEditorViewport: Clicking on Actor (LMB): StaticMeshActor (statuemann_4)
[2019.01.16-21.32.04:645][146]LogEditorViewport: Clicking on Actor (LMB): StaticMeshActor (statuemann_1)
[2019.01.16-21.32.07:197][441]LogEditorViewport: Clicking on Actor (LMB): StaticMeshActor (statuemann_3)
[2019.01.16-21.32.11:570][951]LogEditorViewport: Clicking on Actor (LMB): StaticMeshActor (statuemann_8)
[2019.01.16-21.32.14:382][278]LogEditorViewport: Clicking on Actor (LMB): StaticMeshActor (statuemann_8)
[2019.01.16-21.32.29:660][ 71]LogSlate: FSceneViewport::OnFocusLost() reason 2
[2019.01.16-21.32.31:221][249]Cmd: TRANSACTION UNDO
[2019.01.16-21.32.31:221][249]LogEditorTransaction: Undo Select Surfaces
[2019.01.16-21.32.33:782][428]LogEditorViewport: Clicking on Actor (CTRL LMB): StaticMeshActor (statuemann_1)
[2019.01.16-21.32.34:836][520]LogEditorViewport: Clicking on Actor (CTRL LMB): StaticMeshActor (statuemann_5)
[2019.01.16-21.32.35:422][582]LogEditorViewport: Clicking on Actor (CTRL LMB): StaticMeshActor (statuemann_3)
[2019.01.16-21.32.36:092][654]LogEditorViewport: Clicking on Actor (CTRL LMB): StaticMeshActor (statuemann_7)
[2019.01.16-21.32.37:228][782]LogEditorViewport: Clicking on Actor (CTRL LMB): StaticMeshActor (statuemann_2)
[2019.01.16-21.32.38:312][904]LogEditorViewport: Clicking on Actor (CTRL LMB): StaticMeshActor (statuemann_6)
[2019.01.16-21.32.38:972][975]LogEditorViewport: Clicking on Actor (CTRL LMB): StaticMeshActor (statuemann_4)
[2019.01.16-21.32.47:366][963]Cmd: SELECT NONE
[2019.01.16-21.32.49:164][134]LogEditorViewport: Clicking on Actor (LMB): StaticMeshActor (mann4)
[2019.01.16-21.33.29:256][593]LogSlate: FSceneViewport::OnFocusLost() reason 2
[2019.01.16-21.33.29:717][593]LogSavePackage: Moving '../../../../../../Users/u1126336/Documents/GitHub/AE_AssetPipelinePersonalRepo/AE_Whitebox_ICA/Saved/AE_MAP_CityBlock_Auto33E39260941C85DF481C86CBA23BC6E18.tmp' to '../../../../../../Users/u1126336/Documents/GitHub/AE_AssetPipelinePersonalRepo/AE_Whitebox_ICA/Saved/Autosaves/Game/Maps/AE_MAP_CityBlock_Auto3.umap'
[2019.01.16-21.33.29:720][593]LogFileHelpers: Editor autosave (incl. sublevels) for '/Game/Maps/AE_MAP_CityBlock' took 0.453
[2019.01.16-21.33.29:721][593]LogFileHelpers: Editor autosave (incl. sublevels) for all levels took 0.453
[2019.01.16-21.33.49:627][847]LogEditorViewport: Clicking on Actor (LMB): StaticMeshActor (mann5)
[2019.01.16-21.34.01:447][128]LogSlate: FSceneViewport::OnFocusLost() reason 0
[2019.01.16-21.34.09:884][ 22]LogEditorViewport: Clicking on Actor (CTRL LMB): StaticMeshActor (statuemann_1)
[2019.01.16-21.34.15:076][576]LogEditorViewport: Clicking on Actor (LMB): StaticMeshActor (mann5)
[2019.01.16-21.34.18:274][906]LogSlate: FSceneViewport::OnFocusLost() reason 0
[2019.01.16-21.34.24:067][531]LogEditorViewport: Clicking on Actor (LMB): StaticMeshActor (mann5)
[2019.01.16-21.34.25:190][646]LogSlate: FSceneViewport::OnFocusLost() reason 2
[2019.01.16-21.34.32:622][536]LogSlate: FSceneViewport::OnFocusLost() reason 2
[2019.01.16-21.34.37:868][123]LogEditorViewport: Clicking on Actor (LMB): Brush (BRUSH_BuildingStatue_1)
[2019.01.16-21.34.38:804][230]LogEditorViewport: Clicking on Actor (LMB): StaticMeshActor (statuemann_3)
[2019.01.16-21.34.39:814][337]LogSlate: FSceneViewport::OnFocusLost() reason 0
[2019.01.16-21.34.48:396][252]Cmd: SELECT NONE
[2019.01.16-21.34.58:094][362]Cmd: DELETE
[2019.01.16-21.34.58:094][362]Cmd: ACTOR DELETE
[2019.01.16-21.34.58:106][362]LogEditorActor: Deleted Actor: Brush
[2019.01.16-21.34.58:211][362]LogEditorActor: Deleted 1 Actors (0.118 secs)
[2019.01.16-21.34.58:559][388]Cmd: DELETE
[2019.01.16-21.34.58:559][388]Cmd: ACTOR DELETE
[2019.01.16-21.34.58:571][388]LogEditorActor: Deleted Actor: Brush
[2019.01.16-21.34.58:673][388]LogEditorActor: Deleted 1 Actors (0.112 secs)
[2019.01.16-21.36.11:822][  0]LogSlate: FSceneViewport::OnFocusLost() reason 0
[2019.01.16-21.36.14:815][276]Cmd: BRUSH ADD SELECTNEWBRUSH
[2019.01.16-21.36.15:889][379]LogSlate: FSceneViewport::OnFocusLost() reason 0
[2019.01.16-21.36.33:412][128]LogSlate: FSceneViewport::OnFocusLost() reason 2
[2019.01.16-21.36.33:836][128]LogSavePackage: Moving '../../../../../../Users/u1126336/Documents/GitHub/AE_AssetPipelinePersonalRepo/AE_Whitebox_ICA/Saved/AE_MAP_CityBlock8C9F813A4D64B017783369A4342CDB2D.tmp' to '../../../../../../Users/u1126336/Documents/GitHub/AE_AssetPipelinePersonalRepo/AE_Whitebox_ICA/Content/Maps/AE_MAP_CityBlock.umap'
[2019.01.16-21.36.33:892][128]LogSavePackage: Moving '../../../../../../Users/u1126336/Documents/GitHub/AE_AssetPipelinePersonalRepo/AE_Whitebox_ICA/Saved/AE_MAP_CityBlock_BuiltDataAD60568640F842A0CDF17F9A17AC100D.tmp' to '../../../../../../Users/u1126336/Documents/GitHub/AE_AssetPipelinePersonalRepo/AE_Whitebox_ICA/Content/Maps/AE_MAP_CityBlock_BuiltData.uasset'
[2019.01.16-21.36.35:995][281]LogSavePackage: Moving '../../../../../../Users/u1126336/Documents/GitHub/AE_AssetPipelinePersonalRepo/AE_Whitebox_ICA/Saved/AE_MAP_CityBlock2355465B473B82D45674228B967CD6F0.tmp' to '../../../../../../Users/u1126336/Documents/GitHub/AE_AssetPipelinePersonalRepo/AE_Whitebox_ICA/Content/Maps/AE_MAP_CityBlock.umap'
[2019.01.16-21.36.36:037][281]LogSavePackage: Moving '../../../../../../Users/u1126336/Documents/GitHub/AE_AssetPipelinePersonalRepo/AE_Whitebox_ICA/Saved/AE_MAP_CityBlock_BuiltDataCAFDBE394602A28EE0B828901255CC94.tmp' to '../../../../../../Users/u1126336/Documents/GitHub/AE_AssetPipelinePersonalRepo/AE_Whitebox_ICA/Content/Maps/AE_MAP_CityBlock_BuiltData.uasset'
[2019.01.16-21.36.46:056][397]LogSlate: FSceneViewport::OnFocusLost() reason 0
[2019.01.16-21.37.00:661][984]LogSlate: FSceneViewport::OnFocusLost() reason 0
[2019.01.16-21.37.13:769][424]Cmd: SELECT NONE
[2019.01.16-21.37.17:351][762]LogSlate: FSceneViewport::OnFocusLost() reason 0
[2019.01.16-21.37.18:915][928]Cmd: BRUSH ADD SELECTNEWBRUSH
[2019.01.16-21.37.20:397][ 88]LogSlate: FSceneViewport::OnFocusLost() reason 0
[2019.01.16-21.37.30:339][179]LogSlate: FSceneViewport::OnFocusLost() reason 0
[2019.01.16-21.37.50:995][331]LogSlate: FSceneViewport::OnFocusLost() reason 0
[2019.01.16-21.37.56:036][889]LogSlate: FSceneViewport::OnFocusLost() reason 0
[2019.01.16-21.37.57:374][899]LogSlate: Window 'Extrude Coordinates Mode Warning' being destroyed
[2019.01.16-21.38.01:256][338]LogGeometryMode: Warning: Unable to find BRUSH_Street_82 Brush(s) in new BSP
[2019.01.16-21.38.01:256][338]LogGeometryMode: Warning: Unable to find all previously selected geometry data, resetting selection
[2019.01.16-21.38.02:279][452]Cmd: SELECT NONE
[2019.01.16-21.38.08:571][133]Cmd: TRANSACTION UNDO
[2019.01.16-21.38.08:571][133]LogEditorTransaction: Undo Select Brush Surface
[2019.01.16-21.38.09:029][171]Cmd: TRANSACTION UNDO
[2019.01.16-21.38.09:029][171]LogEditorTransaction: Undo Select Brush Surface
[2019.01.16-21.38.09:474][203]Cmd: TRANSACTION UNDO
[2019.01.16-21.38.09:474][203]LogEditorTransaction: Undo Select Brush Surface
[2019.01.16-21.38.09:973][247]Cmd: TRANSACTION UNDO
[2019.01.16-21.38.09:973][247]LogEditorTransaction: Undo Select None
[2019.01.16-21.38.10:415][274]Cmd: TRANSACTION UNDO
[2019.01.16-21.38.10:415][274]LogEditorTransaction: Undo Select Brush Surface
[2019.01.16-21.38.10:984][318]Cmd: TRANSACTION UNDO
[2019.01.16-21.38.10:984][318]LogEditorTransaction: Undo Move Actors
[2019.01.16-21.38.11:063][318]LogActorComponent: ~FComponentReregisterContext: (/Game/Maps/AE_MAP_CityBlock.AE_MAP_CityBlock:PersistentLevel.BRUSH_Grass_1.BrushComponent0) Component already registered.
[2019.01.16-21.38.11:064][318]LogActorComponent: ~FComponentReregisterContext: (/Game/Maps/AE_MAP_CityBlock.AE_MAP_CityBlock:PersistentLevel.BRUSH_Street_132.BrushComponent0) Component already registered.
[2019.01.16-21.38.11:064][318]LogActorComponent: ~FComponentReregisterContext: (/Game/Maps/AE_MAP_CityBlock.AE_MAP_CityBlock:PersistentLevel.BRUSH_Street_9.BrushComponent0) Component already registered.
[2019.01.16-21.38.11:075][318]LogActorComponent: ~FComponentReregisterContext: (/Game/Maps/AE_MAP_CityBlock.AE_MAP_CityBlock:PersistentLevel.BRUSH_SubtractStreet_3.BrushComponent0) Component already registered.
[2019.01.16-21.38.11:078][318]LogActorComponent: ~FComponentReregisterContext: (/Game/Maps/AE_MAP_CityBlock.AE_MAP_CityBlock:PersistentLevel.BRUSH_Street_116.BrushComponent0) Component already registered.
[2019.01.16-21.38.11:079][318]LogActorComponent: ~FComponentReregisterContext: (/Game/Maps/AE_MAP_CityBlock.AE_MAP_CityBlock:PersistentLevel.BRUSH_Street_157.BrushComponent0) Component already registered.
[2019.01.16-21.38.11:082][318]LogActorComponent: ~FComponentReregisterContext: (/Game/Maps/AE_MAP_CityBlock.AE_MAP_CityBlock:PersistentLevel.BRUSH_Street_85.BrushComponent0) Component already registered.
[2019.01.16-21.38.17:310][883]Cmd: TRANSACTION UNDO
[2019.01.16-21.38.17:310][883]LogEditorTransaction: Undo Move Actors
[2019.01.16-21.38.17:376][883]LogActorComponent: ~FComponentReregisterContext: (/Game/Maps/AE_MAP_CityBlock.AE_MAP_CityBlock:PersistentLevel.BRUSH_Grass_1.BrushComponent0) Component already registered.
[2019.01.16-21.38.17:376][883]LogActorComponent: ~FComponentReregisterContext: (/Game/Maps/AE_MAP_CityBlock.AE_MAP_CityBlock:PersistentLevel.BRUSH_Street_132.BrushComponent0) Component already registered.
[2019.01.16-21.38.17:376][883]LogActorComponent: ~FComponentReregisterContext: (/Game/Maps/AE_MAP_CityBlock.AE_MAP_CityBlock:PersistentLevel.BRUSH_Street_9.BrushComponent0) Component already registered.
[2019.01.16-21.38.17:388][883]LogActorComponent: ~FComponentReregisterContext: (/Game/Maps/AE_MAP_CityBlock.AE_MAP_CityBlock:PersistentLevel.BRUSH_SubtractStreet_3.BrushComponent0) Component already registered.
[2019.01.16-21.38.17:390][883]LogActorComponent: ~FComponentReregisterContext: (/Game/Maps/AE_MAP_CityBlock.AE_MAP_CityBlock:PersistentLevel.BRUSH_Street_116.BrushComponent0) Component already registered.
[2019.01.16-21.38.17:391][883]LogActorComponent: ~FComponentReregisterContext: (/Game/Maps/AE_MAP_CityBlock.AE_MAP_CityBlock:PersistentLevel.BRUSH_Street_157.BrushComponent0) Component already registered.
[2019.01.16-21.38.17:394][883]LogActorComponent: ~FComponentReregisterContext: (/Game/Maps/AE_MAP_CityBlock.AE_MAP_CityBlock:PersistentLevel.BRUSH_Street_85.BrushComponent0) Component already registered.
[2019.01.16-21.38.17:821][898]Cmd: TRANSACTION UNDO
[2019.01.16-21.38.17:821][898]LogEditorTransaction: Undo Move Actors
[2019.01.16-21.38.17:889][898]LogActorComponent: ~FComponentReregisterContext: (/Game/Maps/AE_MAP_CityBlock.AE_MAP_CityBlock:PersistentLevel.BRUSH_Grass_1.BrushComponent0) Component already registered.
[2019.01.16-21.38.17:889][898]LogActorComponent: ~FComponentReregisterContext: (/Game/Maps/AE_MAP_CityBlock.AE_MAP_CityBlock:PersistentLevel.BRUSH_Street_132.BrushComponent0) Component already registered.
[2019.01.16-21.38.17:890][898]LogActorComponent: ~FComponentReregisterContext: (/Game/Maps/AE_MAP_CityBlock.AE_MAP_CityBlock:PersistentLevel.BRUSH_Street_9.BrushComponent0) Component already registered.
[2019.01.16-21.38.17:899][898]LogActorComponent: ~FComponentReregisterContext: (/Game/Maps/AE_MAP_CityBlock.AE_MAP_CityBlock:PersistentLevel.BRUSH_SubtractStreet_3.BrushComponent0) Component already registered.
[2019.01.16-21.38.17:901][898]LogActorComponent: ~FComponentReregisterContext: (/Game/Maps/AE_MAP_CityBlock.AE_MAP_CityBlock:PersistentLevel.BRUSH_Street_116.BrushComponent0) Component already registered.
[2019.01.16-21.38.17:902][898]LogActorComponent: ~FComponentReregisterContext: (/Game/Maps/AE_MAP_CityBlock.AE_MAP_CityBlock:PersistentLevel.BRUSH_Street_157.BrushComponent0) Component already registered.
[2019.01.16-21.38.17:904][898]LogActorComponent: ~FComponentReregisterContext: (/Game/Maps/AE_MAP_CityBlock.AE_MAP_CityBlock:PersistentLevel.BRUSH_Street_85.BrushComponent0) Component already registered.
[2019.01.16-21.38.17:938][898]LogGeometryMode: Warning: Unable to find 1 Poly(s) in new BSP
[2019.01.16-21.38.17:938][898]LogGeometryMode: Warning: Unable to resolve BoxBrush Brush in new BSP, see above
[2019.01.16-21.38.17:938][898]LogGeometryMode: Warning: Unable to find all previously selected geometry data, resetting selection
[2019.01.16-21.38.18:371][928]Cmd: TRANSACTION UNDO
[2019.01.16-21.38.18:371][928]LogEditorTransaction: Undo Move Actors
[2019.01.16-21.38.18:461][928]LogActorComponent: ~FComponentReregisterContext: (/Game/Maps/AE_MAP_CityBlock.AE_MAP_CityBlock:PersistentLevel.BRUSH_Grass_1.BrushComponent0) Component already registered.
[2019.01.16-21.38.18:463][928]LogActorComponent: ~FComponentReregisterContext: (/Game/Maps/AE_MAP_CityBlock.AE_MAP_CityBlock:PersistentLevel.BRUSH_Street_132.BrushComponent0) Component already registered.
[2019.01.16-21.38.18:463][928]LogActorComponent: ~FComponentReregisterContext: (/Game/Maps/AE_MAP_CityBlock.AE_MAP_CityBlock:PersistentLevel.BRUSH_Street_9.BrushComponent0) Component already registered.
[2019.01.16-21.38.18:473][928]LogActorComponent: ~FComponentReregisterContext: (/Game/Maps/AE_MAP_CityBlock.AE_MAP_CityBlock:PersistentLevel.BRUSH_SubtractStreet_3.BrushComponent0) Component already registered.
[2019.01.16-21.38.18:476][928]LogActorComponent: ~FComponentReregisterContext: (/Game/Maps/AE_MAP_CityBlock.AE_MAP_CityBlock:PersistentLevel.BRUSH_Street_116.BrushComponent0) Component already registered.
[2019.01.16-21.38.18:476][928]LogActorComponent: ~FComponentReregisterContext: (/Game/Maps/AE_MAP_CityBlock.AE_MAP_CityBlock:PersistentLevel.BRUSH_Street_157.BrushComponent0) Component already registered.
[2019.01.16-21.38.18:478][928]LogActorComponent: ~FComponentReregisterContext: (/Game/Maps/AE_MAP_CityBlock.AE_MAP_CityBlock:PersistentLevel.BRUSH_Street_85.BrushComponent0) Component already registered.
[2019.01.16-21.38.18:513][928]LogGeometryMode: Warning: Unable to find 1 Poly(s) in new BSP
[2019.01.16-21.38.18:513][928]LogGeometryMode: Warning: Unable to resolve BoxBrush Brush in new BSP, see above
[2019.01.16-21.38.18:513][928]LogGeometryMode: Warning: Unable to find all previously selected geometry data, resetting selection
[2019.01.16-21.38.24:102][461]LogSlate: FSceneViewport::OnFocusLost() reason 0
[2019.01.16-21.38.29:080][ 17]Cmd: TRANSACTION UNDO
[2019.01.16-21.38.29:080][ 17]LogEditorTransaction: Undo Move Actors
[2019.01.16-21.38.29:145][ 17]LogActorComponent: ~FComponentReregisterContext: (/Game/Maps/AE_MAP_CityBlock.AE_MAP_CityBlock:PersistentLevel.BRUSH_Grass_1.BrushComponent0) Component already registered.
[2019.01.16-21.38.29:146][ 17]LogActorComponent: ~FComponentReregisterContext: (/Game/Maps/AE_MAP_CityBlock.AE_MAP_CityBlock:PersistentLevel.BRUSH_Street_132.BrushComponent0) Component already registered.
[2019.01.16-21.38.29:146][ 17]LogActorComponent: ~FComponentReregisterContext: (/Game/Maps/AE_MAP_CityBlock.AE_MAP_CityBlock:PersistentLevel.BRUSH_Street_9.BrushComponent0) Component already registered.
[2019.01.16-21.38.29:157][ 17]LogActorComponent: ~FComponentReregisterContext: (/Game/Maps/AE_MAP_CityBlock.AE_MAP_CityBlock:PersistentLevel.BRUSH_SubtractStreet_3.BrushComponent0) Component already registered.
[2019.01.16-21.38.29:161][ 17]LogActorComponent: ~FComponentReregisterContext: (/Game/Maps/AE_MAP_CityBlock.AE_MAP_CityBlock:PersistentLevel.BRUSH_Street_116.BrushComponent0) Component already registered.
[2019.01.16-21.38.29:162][ 17]LogActorComponent: ~FComponentReregisterContext: (/Game/Maps/AE_MAP_CityBlock.AE_MAP_CityBlock:PersistentLevel.BRUSH_Street_157.BrushComponent0) Component already registered.
[2019.01.16-21.38.29:165][ 17]LogActorComponent: ~FComponentReregisterContext: (/Game/Maps/AE_MAP_CityBlock.AE_MAP_CityBlock:PersistentLevel.BRUSH_Street_85.BrushComponent0) Component already registered.
[2019.01.16-21.38.29:190][ 17]LogGeometryMode: Warning: Unable to find 1 Poly(s) in new BSP
[2019.01.16-21.38.29:190][ 17]LogGeometryMode: Warning: Unable to resolve BoxBrush Brush in new BSP, see above
[2019.01.16-21.38.29:190][ 17]LogGeometryMode: Warning: Unable to find all previously selected geometry data, resetting selection
[2019.01.16-21.38.30:741][146]Cmd: SELECT NONE
[2019.01.16-21.38.51:609][410]Cmd: SELECT NONE
[2019.01.16-21.38.52:755][540]Cmd: SELECT NONE
[2019.01.16-21.38.53:503][628]LogSlate: FSceneViewport::OnFocusLost() reason 0
[2019.01.16-21.39.01:522][462]Cmd: SELECT NONE
[2019.01.16-21.39.06:657][ 17]LogSlate: FSceneViewport::OnFocusLost() reason 2
[2019.01.16-21.39.07:492][116]Cmd: POLY SELECT ADJACENT ALL
[2019.01.16-21.39.08:773][215]LogSlate: FSceneViewport::OnFocusLost() reason 0
[2019.01.16-21.39.16:050][980]Cmd: SELECT NONE
[2019.01.16-21.39.30:606][614]LogSlate: FSceneViewport::OnFocusLost() reason 0
[2019.01.16-21.39.39:255][616]LogSlate: FSceneViewport::OnFocusLost() reason 0
[2019.01.16-21.40.24:323][422]Cmd: SELECT NONE
[2019.01.16-21.40.37:380][906]Cmd: SELECT NONE
[2019.01.16-21.40.44:582][753]LogSlate: FSceneViewport::OnFocusLost() reason 2
[2019.01.16-21.40.45:082][753]LogSavePackage: Moving '../../../../../../Users/u1126336/Documents/GitHub/AE_AssetPipelinePersonalRepo/AE_Whitebox_ICA/Saved/AE_MAP_CityBlock2E11AE24446F7D451BC3BAA8BDB0E8AF.tmp' to '../../../../../../Users/u1126336/Documents/GitHub/AE_AssetPipelinePersonalRepo/AE_Whitebox_ICA/Content/Maps/AE_MAP_CityBlock.umap'
[2019.01.16-21.40.45:133][753]LogSavePackage: Moving '../../../../../../Users/u1126336/Documents/GitHub/AE_AssetPipelinePersonalRepo/AE_Whitebox_ICA/Saved/AE_MAP_CityBlock_BuiltData6D58C5994560B9B33C53C089E6C89D7E.tmp' to '../../../../../../Users/u1126336/Documents/GitHub/AE_AssetPipelinePersonalRepo/AE_Whitebox_ICA/Content/Maps/AE_MAP_CityBlock_BuiltData.uasset'
[2019.01.16-21.40.46:530][851]LogSavePackage: Moving '../../../../../../Users/u1126336/Documents/GitHub/AE_AssetPipelinePersonalRepo/AE_Whitebox_ICA/Saved/AE_MAP_CityBlock5A191E1F44CA00C00C6271BF5E3EEFCA.tmp' to '../../../../../../Users/u1126336/Documents/GitHub/AE_AssetPipelinePersonalRepo/AE_Whitebox_ICA/Content/Maps/AE_MAP_CityBlock.umap'
[2019.01.16-21.40.46:573][851]LogSavePackage: Moving '../../../../../../Users/u1126336/Documents/GitHub/AE_AssetPipelinePersonalRepo/AE_Whitebox_ICA/Saved/AE_MAP_CityBlock_BuiltDataA791CBAD48A22C910DD2D4825C2437B9.tmp' to '../../../../../../Users/u1126336/Documents/GitHub/AE_AssetPipelinePersonalRepo/AE_Whitebox_ICA/Content/Maps/AE_MAP_CityBlock_BuiltData.uasset'
[2019.01.16-21.41.24:890][388]LogEditorViewport: Clicking on Actor (LMB): StaticMeshActor (statuemannMain_1)
[2019.01.16-21.41.25:769][448]LogSlate: FSceneViewport::OnFocusLost() reason 0
[2019.01.16-21.41.27:689][658]LogEditorViewport: Clicking on Actor (LMB): StaticMeshActor (statuemannMain_1)
[2019.01.16-21.41.29:127][814]LogSlate: FSceneViewport::OnFocusLost() reason 0
[2019.01.16-21.41.31:203][ 14]Cmd: SELECT NONE
[2019.01.16-21.41.32:115][ 83]LogSlate: FSceneViewport::OnFocusLost() reason 0
[2019.01.16-21.41.47:442][300]LogAssetEditorManager: Opening Asset editor for MaterialInstanceConstant /Game/Materials/MI_Solid_Gold_AE.MI_Solid_Gold_AE
[2019.01.16-21.42.00:824][459]LogSlate: Window 'Color Picker' being destroyed
[2019.01.16-21.42.03:334][697]LogMaterial: Display: Missing cached shader map for material FDebugViewModeMaterialProxy MI_Solid_Gold_AE, compiling. 
[2019.01.16-21.42.03:931][697]LogShaderCompilers: Display: Shaders left to compile 1
[2019.01.16-21.42.03:932][697]TextureStreamingBuild: Display: Compiling optional shaders took 0.602 seconds.
[2019.01.16-21.42.03:965][697]LogSavePackage: Moving '../../../../../../Users/u1126336/Documents/GitHub/AE_AssetPipelinePersonalRepo/AE_Whitebox_ICA/Saved/MI_Solid_Gold_AE4F02C6B04CBF9065B42DA18F05AEEF85.tmp' to '../../../../../../Users/u1126336/Documents/GitHub/AE_AssetPipelinePersonalRepo/AE_Whitebox_ICA/Content/Materials/MI_Solid_Gold_AE.uasset'
[2019.01.16-21.42.04:610][761]LogSlate: Window 'MI_Solid_Gold_AE' being destroyed
[2019.01.16-21.42.04:616][761]LogSlate: Window 'MI_Solid_Gold_AE' being destroyed
[2019.01.16-21.42.05:369][845]LogEditorViewport: Clicking on Actor (LMB): StaticMeshActor (statuemannMain_1)
[2019.01.16-21.42.06:700][961]LogSlate: FSceneViewport::OnFocusLost() reason 0
[2019.01.16-21.42.08:459][145]Cmd: SELECT NONE
[2019.01.16-21.42.26:200][184]LogSlate: FSceneViewport::OnFocusLost() reason 0
[2019.01.16-21.42.26:664][194]LogSavePackage: Moving '../../../../../../Users/u1126336/Documents/GitHub/AE_AssetPipelinePersonalRepo/AE_Whitebox_ICA/Saved/AE_MAP_CityBlock449A56664B8C77D8C3E00E93D811AA8F.tmp' to '../../../../../../Users/u1126336/Documents/GitHub/AE_AssetPipelinePersonalRepo/AE_Whitebox_ICA/Content/Maps/AE_MAP_CityBlock.umap'
[2019.01.16-21.42.26:712][194]LogSavePackage: Moving '../../../../../../Users/u1126336/Documents/GitHub/AE_AssetPipelinePersonalRepo/AE_Whitebox_ICA/Saved/AE_MAP_CityBlock_BuiltDataD6916F944F5A2B8A780157AE2DCD28C2.tmp' to '../../../../../../Users/u1126336/Documents/GitHub/AE_AssetPipelinePersonalRepo/AE_Whitebox_ICA/Content/Maps/AE_MAP_CityBlock_BuiltData.uasset'
[2019.01.16-21.42.29:277][429]LogSlate: FSceneViewport::OnFocusLost() reason 0
